#
# There is insufficient memory for the Java Runtime Environment to continue.
# Native memory allocation (malloc) failed to allocate 1903056 bytes for Chunk::new
# Possible reasons:
#   The system is out of physical RAM or swap space
#   The process is running with CompressedOops enabled, and the Java Heap may be blocking the growth of the native heap
# Possible solutions:
#   Reduce memory load on the system
#   Increase physical memory or swap space
#   Check if swap backing store is full
#   Decrease Java heap size (-Xmx/-Xms)
#   Decrease number of Java threads
#   Decrease Java thread stack sizes (-Xss)
#   Set larger code cache with -XX:ReservedCodeCacheSize=
#   JVM is running with Unscaled Compressed Oops mode in which the Java heap is
#     placed in the first 4GB address space. The Java Heap base address is the
#     maximum limit for the native heap growth. Please use -XX:HeapBaseMinAddress
#     to set the Java Heap base and to place the Java Heap above 4GB virtual address.
# This output file may be truncated or incomplete.
#
#  Out of Memory Error (arena.cpp:189), pid=19808, tid=15956
#
# JRE version: OpenJDK Runtime Environment (17.0.6) (build 17.0.6+0-b2043.56-10027231)
# Java VM: OpenJDK 64-Bit Server VM (17.0.6+0-b2043.56-10027231, mixed mode, tiered, compressed oops, compressed class ptrs, g1 gc, windows-amd64)
# No core dump will be written. Minidumps are not enabled by default on client versions of Windows
#

---------------  S U M M A R Y ------------

Command Line: --add-opens=java.base/java.util=ALL-UNNAMED --add-opens=java.base/java.lang=ALL-UNNAMED --add-opens=java.base/java.lang.invoke=ALL-UNNAMED --add-opens=java.prefs/java.util.prefs=ALL-UNNAMED --add-opens=java.base/java.nio.charset=ALL-UNNAMED --add-opens=java.base/java.net=ALL-UNNAMED --add-opens=java.base/java.util.concurrent.atomic=ALL-UNNAMED -Xmx2048m -Dfile.encoding=UTF-8 -Duser.country=ID -Duser.language=en -Duser.variant org.gradle.launcher.daemon.bootstrap.GradleDaemon 8.0

Host: AMD Ryzen 5 5500U with Radeon Graphics         , 12 cores, 7G,  Windows 10 , 64 bit Build 19041 (10.0.19041.3570)
Time: Thu Nov  9 11:23:20 2023 SE Asia Standard Time elapsed time: 25.512554 seconds (0d 0h 0m 25s)

---------------  T H R E A D  ---------------

Current thread (0x000002b00281d4c0):  JavaThread "C2 CompilerThread0" daemon [_thread_in_native, id=15956, stack(0x000000ca5fd00000,0x000000ca5fe00000)]


Current CompileTask:
C2:  25512 6504       4       org.objectweb.asm.SymbolTable::addConstantMemberReference (147 bytes)

Stack: [0x000000ca5fd00000,0x000000ca5fe00000]
Native frames: (J=compiled Java code, j=interpreted, Vv=VM code, C=native code)
V  [jvm.dll+0x683c9a]
V  [jvm.dll+0x8427a4]
V  [jvm.dll+0x843f9e]
V  [jvm.dll+0x844603]
V  [jvm.dll+0x249b75]
V  [jvm.dll+0xabcac]
V  [jvm.dll+0xac27c]
V  [jvm.dll+0x368802]
V  [jvm.dll+0x332f31]
V  [jvm.dll+0x3323da]
V  [jvm.dll+0x21c201]
V  [jvm.dll+0x21b621]
V  [jvm.dll+0x1a4fdd]
V  [jvm.dll+0x22b098]
V  [jvm.dll+0x229159]
V  [jvm.dll+0x7f81ec]
V  [jvm.dll+0x7f274a]
V  [jvm.dll+0x682ad5]
C  [ucrtbase.dll+0x21bb2]
C  [KERNEL32.DLL+0x17344]
C  [ntdll.dll+0x526b1]


---------------  P R O C E S S  ---------------

Threads class SMR info:
_java_thread_list=0x000002b00591b8f0, length=168, elements={
0x000002b0658ad800, 0x000002b07fc5a580, 0x000002b07fc5b440, 0x000002b07fc86d70,
0x000002b07fc87630, 0x000002b00281c010, 0x000002b00281c8d0, 0x000002b00281d4c0,
0x000002b00282b390, 0x000002b00282bc90, 0x000002b0029ae030, 0x000002b0029c2010,
0x000002b003d19030, 0x000002b003961940, 0x000002b004392510, 0x000002b0041ee4b0,
0x000002b003f3cb30, 0x000002b0034bb880, 0x000002b003ee6690, 0x000002b003fb46a0,
0x000002b003fb24f0, 0x000002b003fb5510, 0x000002b003fb59e0, 0x000002b003fb41d0,
0x000002b003fb3d00, 0x000002b003fb4b70, 0x000002b003fb5eb0, 0x000002b003fb5040,
0x000002b003fb29c0, 0x000002b003fb2e90, 0x000002b003fb3360, 0x000002b005adff20,
0x000002b005ade240, 0x000002b005adfa50, 0x000002b005ae03f0, 0x000002b005ae08c0,
0x000002b005adc560, 0x000002b005ae0d90, 0x000002b005ae1260, 0x000002b005adcf00,
0x000002b005adca30, 0x000002b005adf580, 0x000002b005adc090, 0x000002b005ae1730,
0x000002b005ae1c00, 0x000002b005ae2f40, 0x000002b005adbbc0, 0x000002b005add3d0,
0x000002b005addd70, 0x000002b005ade710, 0x000002b005adebe0, 0x000002b005adf0b0,
0x000002b00748e8c0, 0x000002b0074930f0, 0x000002b00748df20, 0x000002b007493a90,
0x000002b007492c20, 0x000002b00748e3f0, 0x000002b00748ed90, 0x000002b00748f260,
0x000002b007493f60, 0x000002b00748f730, 0x000002b0074900d0, 0x000002b0074905a0,
0x000002b007492280, 0x000002b00748fc00, 0x000002b007490a70, 0x000002b0074918e0,
0x000002b0074935c0, 0x000002b007494900, 0x000002b007494430, 0x000002b007490f40,
0x000002b00748d0b0, 0x000002b007491410, 0x000002b007491db0, 0x000002b00748d580,
0x000002b007492750, 0x000002b00748da50, 0x000002b006fb2a90, 0x000002b006fb5f80,
0x000002b006fb5ab0, 0x000002b006fb7790, 0x000002b006fb6450, 0x000002b006fb3dd0,
0x000002b006fb3900, 0x000002b006fb1c20, 0x000002b006fb20f0, 0x000002b006fb55e0,
0x000002b006fb6920, 0x000002b006fb6df0, 0x000002b006fb25c0, 0x000002b006fb72c0,
0x000002b006fb8fa0, 0x000002b006fb4770, 0x000002b006fb7c60, 0x000002b006fb2f60,
0x000002b006fb4c40, 0x000002b006fb8600, 0x000002b006fb9470, 0x000002b006fb5110,
0x000002b006fb3430, 0x000002b006fb42a0, 0x000002b006fb8130, 0x000002b006fb8ad0,
0x000002b005152ae0, 0x000002b005152140, 0x000002b005152610, 0x000002b0051547c0,
0x000002b0051542f0, 0x000002b005157cb0, 0x000002b005153e20, 0x000002b005155b00,
0x000002b005152fb0, 0x000002b005153480, 0x000002b005157310, 0x000002b005154c90,
0x000002b005153950, 0x000002b005155160, 0x000002b005158ff0, 0x000002b005155630,
0x000002b005158180, 0x000002b005155fd0, 0x000002b0051564a0, 0x000002b005156e40,
0x000002b005156970, 0x000002b0051577e0, 0x000002b005158650, 0x000002b0051594c0,
0x000002b005158b20, 0x000002b005159990, 0x000002b007b63990, 0x000002b007b5f160,
0x000002b007b5c140, 0x000002b007b62650, 0x000002b007b62180, 0x000002b007b604a0,
0x000002b007b5e2f0, 0x000002b007b62b20, 0x000002b007b5e7c0, 0x000002b007b5fb00,
0x000002b007b62ff0, 0x000002b007b5ec90, 0x000002b007b5f630, 0x000002b007b634c0,
0x000002b007b5ffd0, 0x000002b007b60e40, 0x000002b007b5c610, 0x000002b007b60970,
0x000002b007b617e0, 0x000002b007b61310, 0x000002b007b5cae0, 0x000002b007b5cfb0,
0x000002b007b61cb0, 0x000002b007b5d480, 0x000002b007b5d950, 0x000002b007b5de20,
0x000002b003229b80, 0x000002b00322a9f0, 0x000002b00322d540, 0x000002b003227030,
0x000002b0032296b0, 0x000002b00322dee0, 0x000002b00322b860, 0x000002b003227ea0,
0x000002b00322da10, 0x000002b00322c200, 0x000002b0032279d0, 0x000002b003227500
}

Java Threads: ( => current thread )
  0x000002b0658ad800 JavaThread "main" [_thread_blocked, id=8712, stack(0x000000ca5f000000,0x000000ca5f100000)]
  0x000002b07fc5a580 JavaThread "Reference Handler" daemon [_thread_blocked, id=12644, stack(0x000000ca5f700000,0x000000ca5f800000)]
  0x000002b07fc5b440 JavaThread "Finalizer" daemon [_thread_blocked, id=820, stack(0x000000ca5f800000,0x000000ca5f900000)]
  0x000002b07fc86d70 JavaThread "Signal Dispatcher" daemon [_thread_blocked, id=2216, stack(0x000000ca5f900000,0x000000ca5fa00000)]
  0x000002b07fc87630 JavaThread "Attach Listener" daemon [_thread_blocked, id=13764, stack(0x000000ca5fa00000,0x000000ca5fb00000)]
  0x000002b00281c010 JavaThread "Service Thread" daemon [_thread_blocked, id=19176, stack(0x000000ca5fb00000,0x000000ca5fc00000)]
  0x000002b00281c8d0 JavaThread "Monitor Deflation Thread" daemon [_thread_blocked, id=17308, stack(0x000000ca5fc00000,0x000000ca5fd00000)]
=>0x000002b00281d4c0 JavaThread "C2 CompilerThread0" daemon [_thread_in_native, id=15956, stack(0x000000ca5fd00000,0x000000ca5fe00000)]
  0x000002b00282b390 JavaThread "C1 CompilerThread0" daemon [_thread_blocked, id=20772, stack(0x000000ca5fe00000,0x000000ca5ff00000)]
  0x000002b00282bc90 JavaThread "Sweeper thread" daemon [_thread_blocked, id=19532, stack(0x000000ca5ff00000,0x000000ca60000000)]
  0x000002b0029ae030 JavaThread "Common-Cleaner" daemon [_thread_blocked, id=21964, stack(0x000000ca60000000,0x000000ca60100000)]
  0x000002b0029c2010 JavaThread "Notification Thread" daemon [_thread_blocked, id=21164, stack(0x000000ca60100000,0x000000ca60200000)]
  0x000002b003d19030 JavaThread "Daemon health stats" [_thread_blocked, id=24508, stack(0x000000ca60700000,0x000000ca60800000)]
  0x000002b003961940 JavaThread "Incoming local TCP Connector on port 6088" [_thread_in_native, id=8648, stack(0x000000ca60800000,0x000000ca60900000)]
  0x000002b004392510 JavaThread "Daemon periodic checks" [_thread_blocked, id=19092, stack(0x000000ca60900000,0x000000ca60a00000)]
  0x000002b0041ee4b0 JavaThread "Daemon" [_thread_blocked, id=13684, stack(0x000000ca60a00000,0x000000ca60b00000)]
  0x000002b003f3cb30 JavaThread "Handler for socket connection from /127.0.0.1:6088 to /127.0.0.1:6089" [_thread_in_native, id=19376, stack(0x000000ca60b00000,0x000000ca60c00000)]
  0x000002b0034bb880 JavaThread "Cancel handler" [_thread_blocked, id=15960, stack(0x000000ca60c00000,0x000000ca60d00000)]
  0x000002b003ee6690 JavaThread "Daemon worker" [_thread_in_vm, id=6344, stack(0x000000ca60d00000,0x000000ca60e00000)]
  0x000002b003fb46a0 JavaThread "Asynchronous log dispatcher for DefaultDaemonConnection: socket connection from /127.0.0.1:6088 to /127.0.0.1:6089" [_thread_blocked, id=5636, stack(0x000000ca60e00000,0x000000ca60f00000)]
  0x000002b003fb24f0 JavaThread "Stdin handler" [_thread_blocked, id=23024, stack(0x000000ca60f00000,0x000000ca61000000)]
  0x000002b003fb5510 JavaThread "Daemon client event forwarder" [_thread_blocked, id=18876, stack(0x000000ca61000000,0x000000ca61100000)]
  0x000002b003fb59e0 JavaThread "Cache worker for journal cache (C:\Users\mouzi\.gradle\caches\journal-1)" [_thread_blocked, id=1984, stack(0x000000ca61800000,0x000000ca61900000)]
  0x000002b003fb41d0 JavaThread "File lock request listener" [_thread_in_native, id=24824, stack(0x000000ca61900000,0x000000ca61a00000)]
  0x000002b003fb3d00 JavaThread "Cache worker for file hash cache (C:\Users\mouzi\.gradle\caches\8.0\fileHashes)" [_thread_blocked, id=9380, stack(0x000000ca61a00000,0x000000ca61b00000)]
  0x000002b003fb4b70 JavaThread "File watcher server" daemon [_thread_in_native, id=5760, stack(0x000000ca61b00000,0x000000ca61c00000)]
  0x000002b003fb5eb0 JavaThread "File watcher consumer" daemon [_thread_blocked, id=11004, stack(0x000000ca61c00000,0x000000ca61d00000)]
  0x000002b003fb5040 JavaThread "jar transforms" [_thread_blocked, id=1272, stack(0x000000ca61d00000,0x000000ca61e00000)]
  0x000002b003fb29c0 JavaThread "jar transforms Thread 2" [_thread_blocked, id=18724, stack(0x000000ca61e00000,0x000000ca61f00000)]
  0x000002b003fb2e90 JavaThread "jar transforms Thread 3" [_thread_blocked, id=20892, stack(0x000000ca61f00000,0x000000ca62000000)]
  0x000002b003fb3360 JavaThread "jar transforms Thread 4" [_thread_blocked, id=11728, stack(0x000000ca62000000,0x000000ca62100000)]
  0x000002b005adff20 JavaThread "jar transforms Thread 5" [_thread_blocked, id=9952, stack(0x000000ca62100000,0x000000ca62200000)]
  0x000002b005ade240 JavaThread "jar transforms Thread 6" [_thread_blocked, id=17588, stack(0x000000ca62200000,0x000000ca62300000)]
  0x000002b005adfa50 JavaThread "jar transforms Thread 7" [_thread_blocked, id=16920, stack(0x000000ca62300000,0x000000ca62400000)]
  0x000002b005ae03f0 JavaThread "jar transforms Thread 8" [_thread_blocked, id=7952, stack(0x000000ca62400000,0x000000ca62500000)]
  0x000002b005ae08c0 JavaThread "jar transforms Thread 9" [_thread_blocked, id=16308, stack(0x000000ca62500000,0x000000ca62600000)]
  0x000002b005adc560 JavaThread "jar transforms Thread 10" [_thread_blocked, id=7100, stack(0x000000ca62600000,0x000000ca62700000)]
  0x000002b005ae0d90 JavaThread "jar transforms Thread 11" [_thread_blocked, id=21412, stack(0x000000ca62700000,0x000000ca62800000)]
  0x000002b005ae1260 JavaThread "jar transforms Thread 12" [_thread_blocked, id=15660, stack(0x000000ca62800000,0x000000ca62900000)]
  0x000002b005adcf00 JavaThread "Cache worker for checksums cache (C:\Users\mouzi\Documents\PAM\.gradle\8.0\checksums)" [_thread_blocked, id=10676, stack(0x000000ca62900000,0x000000ca62a00000)]
  0x000002b005adca30 JavaThread "Cache worker for cache directory md-rule (C:\Users\mouzi\.gradle\caches\8.0\md-rule)" [_thread_blocked, id=18480, stack(0x000000ca62a00000,0x000000ca62b00000)]
  0x000002b005adf580 JavaThread "Cache worker for file content cache (C:\Users\mouzi\.gradle\caches\8.0\fileContent)" [_thread_blocked, id=12924, stack(0x000000ca62b00000,0x000000ca62c00000)]
  0x000002b005adc090 JavaThread "Cache worker for file hash cache (C:\Users\mouzi\Documents\PAM\.gradle\8.0\fileHashes)" [_thread_blocked, id=9764, stack(0x000000ca62c00000,0x000000ca62d00000)]
  0x000002b005ae1730 JavaThread "Cache worker for cache directory md-supplier (C:\Users\mouzi\.gradle\caches\8.0\md-supplier)" [_thread_blocked, id=25424, stack(0x000000ca62d00000,0x000000ca62e00000)]
  0x000002b005ae1c00 JavaThread "Cache worker for execution history cache (C:\Users\mouzi\.gradle\caches\8.0\executionHistory)" [_thread_blocked, id=12856, stack(0x000000ca62e00000,0x000000ca62f00000)]
  0x000002b005ae2f40 JavaThread "Cache worker for kotlin-dsl (C:\Users\mouzi\.gradle\caches\8.0\kotlin-dsl)" [_thread_blocked, id=25484, stack(0x000000ca62f00000,0x000000ca63000000)]
  0x000002b005adbbc0 JavaThread "Cache worker for dependencies-accessors (C:\Users\mouzi\Documents\PAM\.gradle\8.0\dependencies-accessors)" [_thread_blocked, id=4836, stack(0x000000ca63000000,0x000000ca63100000)]
  0x000002b005add3d0 JavaThread "Cache worker for Build Output Cleanup Cache (C:\Users\mouzi\Documents\PAM\.gradle\buildOutputCleanup)" [_thread_blocked, id=24472, stack(0x000000ca63100000,0x000000ca63200000)]
  0x000002b005addd70 JavaThread "Unconstrained build operations" [_thread_blocked, id=25552, stack(0x000000ca63200000,0x000000ca63300000)]
  0x000002b005ade710 JavaThread "Unconstrained build operations Thread 2" [_thread_blocked, id=15736, stack(0x000000ca63300000,0x000000ca63400000)]
  0x000002b005adebe0 JavaThread "Unconstrained build operations Thread 3" [_thread_blocked, id=24640, stack(0x000000ca63400000,0x000000ca63500000)]
  0x000002b005adf0b0 JavaThread "Unconstrained build operations Thread 4" [_thread_blocked, id=18992, stack(0x000000ca63500000,0x000000ca63600000)]
  0x000002b00748e8c0 JavaThread "Unconstrained build operations Thread 5" [_thread_blocked, id=24480, stack(0x000000ca63600000,0x000000ca63700000)]
  0x000002b0074930f0 JavaThread "Unconstrained build operations Thread 6" [_thread_blocked, id=10700, stack(0x000000ca63700000,0x000000ca63800000)]
  0x000002b00748df20 JavaThread "Unconstrained build operations Thread 7" [_thread_blocked, id=21680, stack(0x000000ca63800000,0x000000ca63900000)]
  0x000002b007493a90 JavaThread "Unconstrained build operations Thread 8" [_thread_blocked, id=5676, stack(0x000000ca63900000,0x000000ca63a00000)]
  0x000002b007492c20 JavaThread "Unconstrained build operations Thread 9" [_thread_blocked, id=24612, stack(0x000000ca63a00000,0x000000ca63b00000)]
  0x000002b00748e3f0 JavaThread "Unconstrained build operations Thread 10" [_thread_blocked, id=25456, stack(0x000000ca63b00000,0x000000ca63c00000)]
  0x000002b00748ed90 JavaThread "Unconstrained build operations Thread 11" [_thread_blocked, id=12608, stack(0x000000ca63c00000,0x000000ca63d00000)]
  0x000002b00748f260 JavaThread "Unconstrained build operations Thread 12" [_thread_blocked, id=14500, stack(0x000000ca63d00000,0x000000ca63e00000)]
  0x000002b007493f60 JavaThread "Unconstrained build operations Thread 13" [_thread_blocked, id=18196, stack(0x000000ca63e00000,0x000000ca63f00000)]
  0x000002b00748f730 JavaThread "Unconstrained build operations Thread 14" [_thread_blocked, id=24432, stack(0x000000ca63f00000,0x000000ca64000000)]
  0x000002b0074900d0 JavaThread "Unconstrained build operations Thread 15" [_thread_blocked, id=1080, stack(0x000000ca64000000,0x000000ca64100000)]
  0x000002b0074905a0 JavaThread "Unconstrained build operations Thread 16" [_thread_blocked, id=16760, stack(0x000000ca64100000,0x000000ca64200000)]
  0x000002b007492280 JavaThread "Unconstrained build operations Thread 17" [_thread_blocked, id=24944, stack(0x000000ca64200000,0x000000ca64300000)]
  0x000002b00748fc00 JavaThread "Unconstrained build operations Thread 18" [_thread_blocked, id=1732, stack(0x000000ca64300000,0x000000ca64400000)]
  0x000002b007490a70 JavaThread "Unconstrained build operations Thread 19" [_thread_blocked, id=14444, stack(0x000000ca64400000,0x000000ca64500000)]
  0x000002b0074918e0 JavaThread "Unconstrained build operations Thread 20" [_thread_blocked, id=15700, stack(0x000000ca64500000,0x000000ca64600000)]
  0x000002b0074935c0 JavaThread "Unconstrained build operations Thread 21" [_thread_blocked, id=6800, stack(0x000000ca64600000,0x000000ca64700000)]
  0x000002b007494900 JavaThread "Unconstrained build operations Thread 22" [_thread_blocked, id=15204, stack(0x000000ca64700000,0x000000ca64800000)]
  0x000002b007494430 JavaThread "Unconstrained build operations Thread 23" [_thread_blocked, id=16804, stack(0x000000ca64800000,0x000000ca64900000)]
  0x000002b007490f40 JavaThread "Unconstrained build operations Thread 24" [_thread_blocked, id=9232, stack(0x000000ca64900000,0x000000ca64a00000)]
  0x000002b00748d0b0 JavaThread "Unconstrained build operations Thread 25" [_thread_blocked, id=11880, stack(0x000000ca64a00000,0x000000ca64b00000)]
  0x000002b007491410 JavaThread "Unconstrained build operations Thread 26" [_thread_blocked, id=7792, stack(0x000000ca64b00000,0x000000ca64c00000)]
  0x000002b007491db0 JavaThread "Unconstrained build operations Thread 27" [_thread_blocked, id=15936, stack(0x000000ca64c00000,0x000000ca64d00000)]
  0x000002b00748d580 JavaThread "Unconstrained build operations Thread 28" [_thread_blocked, id=10396, stack(0x000000ca64d00000,0x000000ca64e00000)]
  0x000002b007492750 JavaThread "Unconstrained build operations Thread 29" [_thread_blocked, id=17796, stack(0x000000ca64e00000,0x000000ca64f00000)]
  0x000002b00748da50 JavaThread "Unconstrained build operations Thread 30" [_thread_blocked, id=1372, stack(0x000000ca64f00000,0x000000ca65000000)]
  0x000002b006fb2a90 JavaThread "Unconstrained build operations Thread 31" [_thread_blocked, id=21672, stack(0x000000ca65000000,0x000000ca65100000)]
  0x000002b006fb5f80 JavaThread "Unconstrained build operations Thread 32" [_thread_blocked, id=11732, stack(0x000000ca65100000,0x000000ca65200000)]
  0x000002b006fb5ab0 JavaThread "Unconstrained build operations Thread 33" [_thread_blocked, id=4112, stack(0x000000ca65200000,0x000000ca65300000)]
  0x000002b006fb7790 JavaThread "Unconstrained build operations Thread 34" [_thread_blocked, id=16712, stack(0x000000ca65300000,0x000000ca65400000)]
  0x000002b006fb6450 JavaThread "Unconstrained build operations Thread 35" [_thread_blocked, id=19804, stack(0x000000ca65400000,0x000000ca65500000)]
  0x000002b006fb3dd0 JavaThread "Unconstrained build operations Thread 36" [_thread_blocked, id=6020, stack(0x000000ca65500000,0x000000ca65600000)]
  0x000002b006fb3900 JavaThread "Unconstrained build operations Thread 37" [_thread_blocked, id=21260, stack(0x000000ca65600000,0x000000ca65700000)]
  0x000002b006fb1c20 JavaThread "Unconstrained build operations Thread 38" [_thread_blocked, id=20400, stack(0x000000ca65700000,0x000000ca65800000)]
  0x000002b006fb20f0 JavaThread "Unconstrained build operations Thread 39" [_thread_blocked, id=11948, stack(0x000000ca65800000,0x000000ca65900000)]
  0x000002b006fb55e0 JavaThread "Unconstrained build operations Thread 40" [_thread_blocked, id=7140, stack(0x000000ca65900000,0x000000ca65a00000)]
  0x000002b006fb6920 JavaThread "Unconstrained build operations Thread 41" [_thread_blocked, id=24532, stack(0x000000ca65a00000,0x000000ca65b00000)]
  0x000002b006fb6df0 JavaThread "Unconstrained build operations Thread 42" [_thread_blocked, id=20160, stack(0x000000ca65b00000,0x000000ca65c00000)]
  0x000002b006fb25c0 JavaThread "Unconstrained build operations Thread 43" [_thread_blocked, id=14020, stack(0x000000ca65c00000,0x000000ca65d00000)]
  0x000002b006fb72c0 JavaThread "Unconstrained build operations Thread 44" [_thread_blocked, id=784, stack(0x000000ca65d00000,0x000000ca65e00000)]
  0x000002b006fb8fa0 JavaThread "Unconstrained build operations Thread 45" [_thread_blocked, id=19028, stack(0x000000ca65e00000,0x000000ca65f00000)]
  0x000002b006fb4770 JavaThread "Unconstrained build operations Thread 46" [_thread_blocked, id=4380, stack(0x000000ca65f00000,0x000000ca66000000)]
  0x000002b006fb7c60 JavaThread "Unconstrained build operations Thread 47" [_thread_blocked, id=23092, stack(0x000000ca66000000,0x000000ca66100000)]
  0x000002b006fb2f60 JavaThread "Unconstrained build operations Thread 48" [_thread_blocked, id=15944, stack(0x000000ca66100000,0x000000ca66200000)]
  0x000002b006fb4c40 JavaThread "Unconstrained build operations Thread 49" [_thread_blocked, id=23540, stack(0x000000ca66200000,0x000000ca66300000)]
  0x000002b006fb8600 JavaThread "Unconstrained build operations Thread 50" [_thread_blocked, id=22720, stack(0x000000ca66300000,0x000000ca66400000)]
  0x000002b006fb9470 JavaThread "Unconstrained build operations Thread 51" [_thread_blocked, id=2780, stack(0x000000ca66400000,0x000000ca66500000)]
  0x000002b006fb5110 JavaThread "Unconstrained build operations Thread 52" [_thread_blocked, id=3444, stack(0x000000ca66500000,0x000000ca66600000)]
  0x000002b006fb3430 JavaThread "Unconstrained build operations Thread 53" [_thread_blocked, id=9972, stack(0x000000ca66600000,0x000000ca66700000)]
  0x000002b006fb42a0 JavaThread "Unconstrained build operations Thread 54" [_thread_blocked, id=10188, stack(0x000000ca66700000,0x000000ca66800000)]
  0x000002b006fb8130 JavaThread "Unconstrained build operations Thread 55" [_thread_blocked, id=15140, stack(0x000000ca66800000,0x000000ca66900000)]
  0x000002b006fb8ad0 JavaThread "Unconstrained build operations Thread 56" [_thread_blocked, id=17420, stack(0x000000ca66900000,0x000000ca66a00000)]
  0x000002b005152ae0 JavaThread "Unconstrained build operations Thread 57" [_thread_blocked, id=7808, stack(0x000000ca66a00000,0x000000ca66b00000)]
  0x000002b005152140 JavaThread "Unconstrained build operations Thread 58" [_thread_blocked, id=13960, stack(0x000000ca66b00000,0x000000ca66c00000)]
  0x000002b005152610 JavaThread "Unconstrained build operations Thread 59" [_thread_blocked, id=21000, stack(0x000000ca66c00000,0x000000ca66d00000)]
  0x000002b0051547c0 JavaThread "Unconstrained build operations Thread 60" [_thread_blocked, id=21456, stack(0x000000ca66d00000,0x000000ca66e00000)]
  0x000002b0051542f0 JavaThread "Unconstrained build operations Thread 61" [_thread_blocked, id=24864, stack(0x000000ca66e00000,0x000000ca66f00000)]
  0x000002b005157cb0 JavaThread "Unconstrained build operations Thread 62" [_thread_blocked, id=23672, stack(0x000000ca66f00000,0x000000ca67000000)]
  0x000002b005153e20 JavaThread "Unconstrained build operations Thread 63" [_thread_blocked, id=12900, stack(0x000000ca67000000,0x000000ca67100000)]
  0x000002b005155b00 JavaThread "Unconstrained build operations Thread 64" [_thread_blocked, id=17008, stack(0x000000ca67100000,0x000000ca67200000)]
  0x000002b005152fb0 JavaThread "Unconstrained build operations Thread 65" [_thread_blocked, id=24304, stack(0x000000ca67200000,0x000000ca67300000)]
  0x000002b005153480 JavaThread "Unconstrained build operations Thread 66" [_thread_blocked, id=15868, stack(0x000000ca67300000,0x000000ca67400000)]
  0x000002b005157310 JavaThread "Unconstrained build operations Thread 67" [_thread_blocked, id=9744, stack(0x000000ca67400000,0x000000ca67500000)]
  0x000002b005154c90 JavaThread "Unconstrained build operations Thread 68" [_thread_blocked, id=16836, stack(0x000000ca67500000,0x000000ca67600000)]
  0x000002b005153950 JavaThread "Unconstrained build operations Thread 69" [_thread_blocked, id=5196, stack(0x000000ca67600000,0x000000ca67700000)]
  0x000002b005155160 JavaThread "Unconstrained build operations Thread 70" [_thread_blocked, id=22956, stack(0x000000ca67700000,0x000000ca67800000)]
  0x000002b005158ff0 JavaThread "Unconstrained build operations Thread 71" [_thread_blocked, id=24312, stack(0x000000ca67800000,0x000000ca67900000)]
  0x000002b005155630 JavaThread "Unconstrained build operations Thread 72" [_thread_blocked, id=16348, stack(0x000000ca67900000,0x000000ca67a00000)]
  0x000002b005158180 JavaThread "Unconstrained build operations Thread 73" [_thread_blocked, id=5648, stack(0x000000ca67a00000,0x000000ca67b00000)]
  0x000002b005155fd0 JavaThread "Unconstrained build operations Thread 74" [_thread_blocked, id=19968, stack(0x000000ca67b00000,0x000000ca67c00000)]
  0x000002b0051564a0 JavaThread "Unconstrained build operations Thread 75" [_thread_blocked, id=15820, stack(0x000000ca67c00000,0x000000ca67d00000)]
  0x000002b005156e40 JavaThread "Unconstrained build operations Thread 76" [_thread_blocked, id=7220, stack(0x000000ca67d00000,0x000000ca67e00000)]
  0x000002b005156970 JavaThread "Unconstrained build operations Thread 77" [_thread_blocked, id=11840, stack(0x000000ca67e00000,0x000000ca67f00000)]
  0x000002b0051577e0 JavaThread "Unconstrained build operations Thread 78" [_thread_blocked, id=19724, stack(0x000000ca67f00000,0x000000ca68000000)]
  0x000002b005158650 JavaThread "Unconstrained build operations Thread 79" [_thread_blocked, id=6112, stack(0x000000ca68000000,0x000000ca68100000)]
  0x000002b0051594c0 JavaThread "Unconstrained build operations Thread 80" [_thread_blocked, id=11100, stack(0x000000ca68100000,0x000000ca68200000)]
  0x000002b005158b20 JavaThread "Unconstrained build operations Thread 81" [_thread_blocked, id=24856, stack(0x000000ca68200000,0x000000ca68300000)]
  0x000002b005159990 JavaThread "Unconstrained build operations Thread 82" [_thread_blocked, id=14724, stack(0x000000ca68300000,0x000000ca68400000)]
  0x000002b007b63990 JavaThread "Unconstrained build operations Thread 83" [_thread_blocked, id=8832, stack(0x000000ca68400000,0x000000ca68500000)]
  0x000002b007b5f160 JavaThread "Unconstrained build operations Thread 84" [_thread_blocked, id=9456, stack(0x000000ca68500000,0x000000ca68600000)]
  0x000002b007b5c140 JavaThread "Unconstrained build operations Thread 85" [_thread_blocked, id=13460, stack(0x000000ca68600000,0x000000ca68700000)]
  0x000002b007b62650 JavaThread "Unconstrained build operations Thread 86" [_thread_blocked, id=12096, stack(0x000000ca68700000,0x000000ca68800000)]
  0x000002b007b62180 JavaThread "Unconstrained build operations Thread 87" [_thread_blocked, id=2648, stack(0x000000ca68800000,0x000000ca68900000)]
  0x000002b007b604a0 JavaThread "Unconstrained build operations Thread 88" [_thread_blocked, id=9976, stack(0x000000ca68900000,0x000000ca68a00000)]
  0x000002b007b5e2f0 JavaThread "Unconstrained build operations Thread 89" [_thread_blocked, id=21176, stack(0x000000ca68a00000,0x000000ca68b00000)]
  0x000002b007b62b20 JavaThread "Unconstrained build operations Thread 90" [_thread_blocked, id=18048, stack(0x000000ca68b00000,0x000000ca68c00000)]
  0x000002b007b5e7c0 JavaThread "Unconstrained build operations Thread 91" [_thread_blocked, id=24900, stack(0x000000ca68c00000,0x000000ca68d00000)]
  0x000002b007b5fb00 JavaThread "Unconstrained build operations Thread 92" [_thread_blocked, id=24116, stack(0x000000ca68d00000,0x000000ca68e00000)]
  0x000002b007b62ff0 JavaThread "Unconstrained build operations Thread 93" [_thread_blocked, id=8244, stack(0x000000ca68e00000,0x000000ca68f00000)]
  0x000002b007b5ec90 JavaThread "Unconstrained build operations Thread 94" [_thread_blocked, id=24912, stack(0x000000ca68f00000,0x000000ca69000000)]
  0x000002b007b5f630 JavaThread "Unconstrained build operations Thread 95" [_thread_blocked, id=22272, stack(0x000000ca69000000,0x000000ca69100000)]
  0x000002b007b634c0 JavaThread "Unconstrained build operations Thread 96" [_thread_blocked, id=2180, stack(0x000000ca69100000,0x000000ca69200000)]
  0x000002b007b5ffd0 JavaThread "Unconstrained build operations Thread 97" [_thread_blocked, id=22736, stack(0x000000ca69200000,0x000000ca69300000)]
  0x000002b007b60e40 JavaThread "Unconstrained build operations Thread 98" [_thread_blocked, id=21796, stack(0x000000ca69300000,0x000000ca69400000)]
  0x000002b007b5c610 JavaThread "Unconstrained build operations Thread 99" [_thread_blocked, id=21200, stack(0x000000ca69400000,0x000000ca69500000)]
  0x000002b007b60970 JavaThread "Unconstrained build operations Thread 100" [_thread_blocked, id=19552, stack(0x000000ca69500000,0x000000ca69600000)]
  0x000002b007b617e0 JavaThread "Unconstrained build operations Thread 101" [_thread_blocked, id=1192, stack(0x000000ca69600000,0x000000ca69700000)]
  0x000002b007b61310 JavaThread "Unconstrained build operations Thread 102" [_thread_blocked, id=23776, stack(0x000000ca69700000,0x000000ca69800000)]
  0x000002b007b5cae0 JavaThread "Unconstrained build operations Thread 103" [_thread_blocked, id=22104, stack(0x000000ca69800000,0x000000ca69900000)]
  0x000002b007b5cfb0 JavaThread "Unconstrained build operations Thread 104" [_thread_blocked, id=5456, stack(0x000000ca69900000,0x000000ca69a00000)]
  0x000002b007b61cb0 JavaThread "Unconstrained build operations Thread 105" [_thread_blocked, id=25504, stack(0x000000ca69a00000,0x000000ca69b00000)]
  0x000002b007b5d480 JavaThread "Unconstrained build operations Thread 106" [_thread_blocked, id=11820, stack(0x000000ca69b00000,0x000000ca69c00000)]
  0x000002b007b5d950 JavaThread "Unconstrained build operations Thread 107" [_thread_blocked, id=8164, stack(0x000000ca69c00000,0x000000ca69d00000)]
  0x000002b007b5de20 JavaThread "Unconstrained build operations Thread 108" [_thread_blocked, id=4500, stack(0x000000ca69d00000,0x000000ca69e00000)]
  0x000002b003229b80 JavaThread "Unconstrained build operations Thread 109" [_thread_blocked, id=628, stack(0x000000ca69e00000,0x000000ca69f00000)]
  0x000002b00322a9f0 JavaThread "Unconstrained build operations Thread 110" [_thread_blocked, id=16576, stack(0x000000ca69f00000,0x000000ca6a000000)]
  0x000002b00322d540 JavaThread "Unconstrained build operations Thread 111" [_thread_blocked, id=22064, stack(0x000000ca6a000000,0x000000ca6a100000)]
  0x000002b003227030 JavaThread "Unconstrained build operations Thread 112" [_thread_blocked, id=16640, stack(0x000000ca6a100000,0x000000ca6a200000)]
  0x000002b0032296b0 JavaThread "Unconstrained build operations Thread 113" [_thread_blocked, id=13768, stack(0x000000ca6a200000,0x000000ca6a300000)]
  0x000002b00322dee0 JavaThread "Unconstrained build operations Thread 114" [_thread_blocked, id=8540, stack(0x000000ca6a300000,0x000000ca6a400000)]
  0x000002b00322b860 JavaThread "Unconstrained build operations Thread 115" [_thread_blocked, id=9604, stack(0x000000ca6a400000,0x000000ca6a500000)]
  0x000002b003227ea0 JavaThread "Unconstrained build operations Thread 116" [_thread_blocked, id=23716, stack(0x000000ca6a500000,0x000000ca6a600000)]
  0x000002b00322da10 JavaThread "Unconstrained build operations Thread 117" [_thread_blocked, id=7852, stack(0x000000ca6a600000,0x000000ca6a700000)]
  0x000002b00322c200 JavaThread "Unconstrained build operations Thread 118" [_thread_blocked, id=5932, stack(0x000000ca6a700000,0x000000ca6a800000)]
  0x000002b0032279d0 JavaThread "Unconstrained build operations Thread 119" [_thread_blocked, id=13412, stack(0x000000ca6a800000,0x000000ca6a900000)]
  0x000002b003227500 JavaThread "Unconstrained build operations Thread 120" [_thread_blocked, id=25204, stack(0x000000ca6a900000,0x000000ca6aa00000)]

Other Threads:
  0x000002b07fc51dd0 VMThread "VM Thread" [stack: 0x000000ca5f600000,0x000000ca5f700000] [id=8216]
  0x000002b0028c2460 WatcherThread [stack: 0x000000ca60200000,0x000000ca60300000] [id=8828]
  0x000002b067a16c20 GCTaskThread "GC Thread#0" [stack: 0x000000ca5f100000,0x000000ca5f200000] [id=24760]
  0x000002b0038e4210 GCTaskThread "GC Thread#1" [stack: 0x000000ca60300000,0x000000ca60400000] [id=10924]
  0x000002b003561f50 GCTaskThread "GC Thread#2" [stack: 0x000000ca60400000,0x000000ca60500000] [id=21716]
  0x000002b00361acf0 GCTaskThread "GC Thread#3" [stack: 0x000000ca60500000,0x000000ca60600000] [id=23448]
  0x000002b002db0820 GCTaskThread "GC Thread#4" [stack: 0x000000ca60600000,0x000000ca60700000] [id=24120]
  0x000002b004c29cc0 GCTaskThread "GC Thread#5" [stack: 0x000000ca61100000,0x000000ca61200000] [id=10608]
  0x000002b005023910 GCTaskThread "GC Thread#6" [stack: 0x000000ca61200000,0x000000ca61300000] [id=22408]
  0x000002b004c5dc60 GCTaskThread "GC Thread#7" [stack: 0x000000ca61300000,0x000000ca61400000] [id=19500]
  0x000002b004c588f0 GCTaskThread "GC Thread#8" [stack: 0x000000ca61400000,0x000000ca61500000] [id=22100]
  0x000002b004c58ba0 GCTaskThread "GC Thread#9" [stack: 0x000000ca61500000,0x000000ca61600000] [id=23944]
  0x000002b067a27a70 ConcurrentGCThread "G1 Main Marker" [stack: 0x000000ca5f200000,0x000000ca5f300000] [id=18668]
  0x000002b067a28390 ConcurrentGCThread "G1 Conc#0" [stack: 0x000000ca5f300000,0x000000ca5f400000] [id=15008]
  0x000002b004e13d00 ConcurrentGCThread "G1 Conc#1" [stack: 0x000000ca61600000,0x000000ca61700000] [id=24976]
  0x000002b003d9ac80 ConcurrentGCThread "G1 Conc#2" [stack: 0x000000ca61700000,0x000000ca61800000] [id=2072]
  0x000002b07fab20b0 ConcurrentGCThread "G1 Refine#0" [stack: 0x000000ca5f400000,0x000000ca5f500000] [id=6560]
  0x000002b07fab29e0 ConcurrentGCThread "G1 Service" [stack: 0x000000ca5f500000,0x000000ca5f600000] [id=13024]

Threads with active compile tasks:
C2 CompilerThread0    25600 6504       4       org.objectweb.asm.SymbolTable::addConstantMemberReference (147 bytes)

VM state: not at safepoint (normal execution)

VM Mutex/Monitor currently owned by a thread: None

Heap address: 0x0000000080000000, size: 2048 MB, Compressed Oops mode: 32-bit

CDS archive(s) not mapped
Compressed class space mapped at: 0x0000000100000000-0x0000000140000000, reserved size: 1073741824
Narrow klass base: 0x0000000000000000, Narrow klass shift: 3, Narrow klass range: 0x140000000

GC Precious Log:
 CPUs: 12 total, 12 available
 Memory: 7504M
 Large Page Support: Disabled
 NUMA Support: Disabled
 Compressed Oops: Enabled (32-bit)
 Heap Region Size: 1M
 Heap Min Capacity: 8M
 Heap Initial Capacity: 118M
 Heap Max Capacity: 2G
 Pre-touch: Disabled
 Parallel Workers: 10
 Concurrent Workers: 3
 Concurrent Refinement Workers: 10
 Periodic GC: Disabled

Heap:
 garbage-first heap   total 140288K, used 111585K [0x0000000080000000, 0x0000000100000000)
  region size 1024K, 29 young (29696K), 2 survivors (2048K)
 Metaspace       used 62923K, committed 63552K, reserved 1105920K
  class space    used 8924K, committed 9216K, reserved 1048576K

Heap Regions: E=young(eden), S=young(survivor), O=old, HS=humongous(starts), HC=humongous(continues), CS=collection set, F=free, OA=open archive, CA=closed archive, TAMS=top-at-mark-start (previous, next)
|   0|0x0000000080000000, 0x0000000080100000, 0x0000000080100000|100%|HS|  |TAMS 0x0000000080100000, 0x0000000080000000| Complete 
|   1|0x0000000080100000, 0x0000000080200000, 0x0000000080200000|100%|HC|  |TAMS 0x0000000080200000, 0x0000000080100000| Complete 
|   2|0x0000000080200000, 0x0000000080300000, 0x0000000080300000|100%|HC|  |TAMS 0x0000000080300000, 0x0000000080200000| Complete 
|   3|0x0000000080300000, 0x0000000080400000, 0x0000000080400000|100%|HC|  |TAMS 0x0000000080400000, 0x0000000080300000| Complete 
|   4|0x0000000080400000, 0x0000000080500000, 0x0000000080500000|100%| O|  |TAMS 0x0000000080500000, 0x0000000080400000| Untracked 
|   5|0x0000000080500000, 0x0000000080600000, 0x0000000080600000|100%| O|  |TAMS 0x0000000080600000, 0x0000000080500000| Untracked 
|   6|0x0000000080600000, 0x0000000080700000, 0x0000000080700000|100%| O|  |TAMS 0x0000000080700000, 0x0000000080600000| Untracked 
|   7|0x0000000080700000, 0x0000000080800000, 0x0000000080800000|100%| O|  |TAMS 0x0000000080800000, 0x0000000080700000| Untracked 
|   8|0x0000000080800000, 0x0000000080900000, 0x0000000080900000|100%| O|  |TAMS 0x0000000080900000, 0x0000000080800000| Untracked 
|   9|0x0000000080900000, 0x0000000080a00000, 0x0000000080a00000|100%| O|  |TAMS 0x0000000080a00000, 0x0000000080900000| Untracked 
|  10|0x0000000080a00000, 0x0000000080b00000, 0x0000000080b00000|100%| O|  |TAMS 0x0000000080b00000, 0x0000000080a00000| Untracked 
|  11|0x0000000080b00000, 0x0000000080b93400, 0x0000000080c00000| 57%| O|  |TAMS 0x0000000080b93400, 0x0000000080b00000| Complete 
|  12|0x0000000080c00000, 0x0000000080d00000, 0x0000000080d00000|100%| O|  |TAMS 0x0000000080d00000, 0x0000000080c00000| Untracked 
|  13|0x0000000080d00000, 0x0000000080e00000, 0x0000000080e00000|100%| O|  |TAMS 0x0000000080e00000, 0x0000000080d00000| Untracked 
|  14|0x0000000080e00000, 0x0000000080f00000, 0x0000000080f00000|100%| O|  |TAMS 0x0000000080f00000, 0x0000000080e00000| Untracked 
|  15|0x0000000080f00000, 0x0000000081000000, 0x0000000081000000|100%| O|  |TAMS 0x0000000081000000, 0x0000000080f00000| Untracked 
|  16|0x0000000081000000, 0x0000000081100000, 0x0000000081100000|100%| O|  |TAMS 0x0000000081100000, 0x0000000081000000| Untracked 
|  17|0x0000000081100000, 0x0000000081200000, 0x0000000081200000|100%| O|  |TAMS 0x0000000081200000, 0x0000000081100000| Untracked 
|  18|0x0000000081200000, 0x0000000081300000, 0x0000000081300000|100%| O|  |TAMS 0x0000000081300000, 0x0000000081200000| Untracked 
|  19|0x0000000081300000, 0x0000000081400000, 0x0000000081400000|100%|HS|  |TAMS 0x0000000081400000, 0x0000000081300000| Complete 
|  20|0x0000000081400000, 0x0000000081500000, 0x0000000081500000|100%|HC|  |TAMS 0x0000000081500000, 0x0000000081400000| Complete 
|  21|0x0000000081500000, 0x0000000081600000, 0x0000000081600000|100%|HS|  |TAMS 0x0000000081600000, 0x0000000081500000| Complete 
|  22|0x0000000081600000, 0x0000000081700000, 0x0000000081700000|100%|HC|  |TAMS 0x0000000081700000, 0x0000000081600000| Complete 
|  23|0x0000000081700000, 0x0000000081800000, 0x0000000081800000|100%|HC|  |TAMS 0x0000000081800000, 0x0000000081700000| Complete 
|  24|0x0000000081800000, 0x0000000081900000, 0x0000000081900000|100%| O|  |TAMS 0x0000000081900000, 0x0000000081800000| Untracked 
|  25|0x0000000081900000, 0x0000000081a00000, 0x0000000081a00000|100%| O|  |TAMS 0x0000000081a00000, 0x0000000081900000| Untracked 
|  26|0x0000000081a00000, 0x0000000081b00000, 0x0000000081b00000|100%| O|  |TAMS 0x0000000081b00000, 0x0000000081a00000| Untracked 
|  27|0x0000000081b00000, 0x0000000081c00000, 0x0000000081c00000|100%| O|  |TAMS 0x0000000081c00000, 0x0000000081b00000| Untracked 
|  28|0x0000000081c00000, 0x0000000081d00000, 0x0000000081d00000|100%|HS|  |TAMS 0x0000000081d00000, 0x0000000081c00000| Complete 
|  29|0x0000000081d00000, 0x0000000081e00000, 0x0000000081e00000|100%|HC|  |TAMS 0x0000000081e00000, 0x0000000081d00000| Complete 
|  30|0x0000000081e00000, 0x0000000081f00000, 0x0000000081f00000|100%|HC|  |TAMS 0x0000000081f00000, 0x0000000081e00000| Complete 
|  31|0x0000000081f00000, 0x0000000082000000, 0x0000000082000000|100%| O|  |TAMS 0x0000000082000000, 0x0000000081f00000| Untracked 
|  32|0x0000000082000000, 0x0000000082100000, 0x0000000082100000|100%|HS|  |TAMS 0x0000000082100000, 0x0000000082000000| Complete 
|  33|0x0000000082100000, 0x0000000082200000, 0x0000000082200000|100%|HC|  |TAMS 0x0000000082200000, 0x0000000082100000| Complete 
|  34|0x0000000082200000, 0x0000000082300000, 0x0000000082300000|100%|HC|  |TAMS 0x0000000082300000, 0x0000000082200000| Complete 
|  35|0x0000000082300000, 0x0000000082400000, 0x0000000082400000|100%|HC|  |TAMS 0x0000000082400000, 0x0000000082300000| Complete 
|  36|0x0000000082400000, 0x0000000082500000, 0x0000000082500000|100%|HC|  |TAMS 0x0000000082500000, 0x0000000082400000| Complete 
|  37|0x0000000082500000, 0x0000000082600000, 0x0000000082600000|100%|HC|  |TAMS 0x0000000082600000, 0x0000000082500000| Complete 
|  38|0x0000000082600000, 0x0000000082700000, 0x0000000082700000|100%|HC|  |TAMS 0x0000000082700000, 0x0000000082600000| Complete 
|  39|0x0000000082700000, 0x0000000082800000, 0x0000000082800000|100%|HC|  |TAMS 0x0000000082800000, 0x0000000082700000| Complete 
|  40|0x0000000082800000, 0x0000000082900000, 0x0000000082900000|100%|HC|  |TAMS 0x0000000082900000, 0x0000000082800000| Complete 
|  41|0x0000000082900000, 0x0000000082a00000, 0x0000000082a00000|100%|HC|  |TAMS 0x0000000082a00000, 0x0000000082900000| Complete 
|  42|0x0000000082a00000, 0x0000000082b00000, 0x0000000082b00000|100%|HC|  |TAMS 0x0000000082b00000, 0x0000000082a00000| Complete 
|  43|0x0000000082b00000, 0x0000000082c00000, 0x0000000082c00000|100%|HC|  |TAMS 0x0000000082c00000, 0x0000000082b00000| Complete 
|  44|0x0000000082c00000, 0x0000000082d00000, 0x0000000082d00000|100%| O|  |TAMS 0x0000000082d00000, 0x0000000082c00000| Untracked 
|  45|0x0000000082d00000, 0x0000000082e00000, 0x0000000082e00000|100%|HS|  |TAMS 0x0000000082e00000, 0x0000000082d00000| Complete 
|  46|0x0000000082e00000, 0x0000000082f00000, 0x0000000082f00000|100%|HC|  |TAMS 0x0000000082f00000, 0x0000000082e00000| Complete 
|  47|0x0000000082f00000, 0x0000000083000000, 0x0000000083000000|100%| O|  |TAMS 0x0000000083000000, 0x0000000082f00000| Untracked 
|  48|0x0000000083000000, 0x0000000083100000, 0x0000000083100000|100%| O|  |TAMS 0x0000000083100000, 0x0000000083000000| Untracked 
|  49|0x0000000083100000, 0x0000000083200000, 0x0000000083200000|100%| O|  |TAMS 0x0000000083200000, 0x0000000083100000| Untracked 
|  50|0x0000000083200000, 0x0000000083300000, 0x0000000083300000|100%|HS|  |TAMS 0x0000000083200000, 0x0000000083200000| Complete 
|  51|0x0000000083300000, 0x0000000083400000, 0x0000000083400000|100%| O|  |TAMS 0x0000000083400000, 0x0000000083300000| Untracked 
|  52|0x0000000083400000, 0x0000000083500000, 0x0000000083500000|100%| O|  |TAMS 0x0000000083500000, 0x0000000083400000| Untracked 
|  53|0x0000000083500000, 0x0000000083600000, 0x0000000083600000|100%| O|  |TAMS 0x0000000083600000, 0x0000000083500000| Untracked 
|  54|0x0000000083600000, 0x0000000083700000, 0x0000000083700000|100%| O|  |TAMS 0x0000000083700000, 0x0000000083600000| Untracked 
|  55|0x0000000083700000, 0x0000000083800000, 0x0000000083800000|100%| O|  |TAMS 0x0000000083800000, 0x0000000083700000| Untracked 
|  56|0x0000000083800000, 0x0000000083900000, 0x0000000083900000|100%| O|  |TAMS 0x0000000083900000, 0x0000000083800000| Untracked 
|  57|0x0000000083900000, 0x0000000083a00000, 0x0000000083a00000|100%|HS|  |TAMS 0x0000000083a00000, 0x0000000083900000| Complete 
|  58|0x0000000083a00000, 0x0000000083b00000, 0x0000000083b00000|100%|HC|  |TAMS 0x0000000083b00000, 0x0000000083a00000| Complete 
|  59|0x0000000083b00000, 0x0000000083c00000, 0x0000000083c00000|100%|HC|  |TAMS 0x0000000083c00000, 0x0000000083b00000| Complete 
|  60|0x0000000083c00000, 0x0000000083d00000, 0x0000000083d00000|100%| O|  |TAMS 0x0000000083d00000, 0x0000000083c00000| Untracked 
|  61|0x0000000083d00000, 0x0000000083e00000, 0x0000000083e00000|100%| O|  |TAMS 0x0000000083e00000, 0x0000000083d00000| Untracked 
|  62|0x0000000083e00000, 0x0000000083f00000, 0x0000000083f00000|100%|HS|  |TAMS 0x0000000083f00000, 0x0000000083e00000| Complete 
|  63|0x0000000083f00000, 0x0000000084000000, 0x0000000084000000|100%|HC|  |TAMS 0x0000000084000000, 0x0000000083f00000| Complete 
|  64|0x0000000084000000, 0x0000000084100000, 0x0000000084100000|100%|HC|  |TAMS 0x0000000084100000, 0x0000000084000000| Complete 
|  65|0x0000000084100000, 0x0000000084200000, 0x0000000084200000|100%| O|  |TAMS 0x0000000084200000, 0x0000000084100000| Untracked 
|  66|0x0000000084200000, 0x0000000084300000, 0x0000000084300000|100%| O|  |TAMS 0x0000000084300000, 0x0000000084200000| Untracked 
|  67|0x0000000084300000, 0x0000000084400000, 0x0000000084400000|100%| O|  |TAMS 0x0000000084400000, 0x0000000084300000| Untracked 
|  68|0x0000000084400000, 0x0000000084500000, 0x0000000084500000|100%| O|  |TAMS 0x0000000084500000, 0x0000000084400000| Untracked 
|  69|0x0000000084500000, 0x0000000084600000, 0x0000000084600000|100%| O|  |TAMS 0x0000000084600000, 0x0000000084500000| Untracked 
|  70|0x0000000084600000, 0x0000000084700000, 0x0000000084700000|100%| O|  |TAMS 0x0000000084700000, 0x0000000084600000| Untracked 
|  71|0x0000000084700000, 0x0000000084800000, 0x0000000084800000|100%| O|  |TAMS 0x0000000084800000, 0x0000000084700000| Untracked 
|  72|0x0000000084800000, 0x0000000084900000, 0x0000000084900000|100%| O|  |TAMS 0x0000000084900000, 0x0000000084800000| Untracked 
|  73|0x0000000084900000, 0x0000000084a00000, 0x0000000084a00000|100%| O|  |TAMS 0x0000000084a00000, 0x0000000084900000| Untracked 
|  74|0x0000000084a00000, 0x0000000084a5f800, 0x0000000084b00000| 37%| O|  |TAMS 0x0000000084a5f800, 0x0000000084a00000| Untracked 
|  75|0x0000000084b00000, 0x0000000084c00000, 0x0000000084c00000|100%|HS|  |TAMS 0x0000000084b00000, 0x0000000084b00000| Complete 
|  76|0x0000000084c00000, 0x0000000084d00000, 0x0000000084d00000|100%|HS|  |TAMS 0x0000000084c00000, 0x0000000084c00000| Complete 
|  77|0x0000000084d00000, 0x0000000084e00000, 0x0000000084e00000|100%|HC|  |TAMS 0x0000000084d00000, 0x0000000084d00000| Complete 
|  78|0x0000000084e00000, 0x0000000084f00000, 0x0000000084f00000|100%|HS|  |TAMS 0x0000000084e00000, 0x0000000084e00000| Complete 
|  79|0x0000000084f00000, 0x0000000085000000, 0x0000000085000000|100%|HS|  |TAMS 0x0000000084f00000, 0x0000000084f00000| Complete 
|  80|0x0000000085000000, 0x0000000085100000, 0x0000000085100000|100%|HC|  |TAMS 0x0000000085000000, 0x0000000085000000| Complete 
|  81|0x0000000085100000, 0x0000000085200000, 0x0000000085200000|100%|HC|  |TAMS 0x0000000085100000, 0x0000000085100000| Complete 
|  82|0x0000000085200000, 0x0000000085300000, 0x0000000085300000|100%|HC|  |TAMS 0x0000000085200000, 0x0000000085200000| Complete 
|  83|0x0000000085300000, 0x0000000085400000, 0x0000000085400000|100%|HS|  |TAMS 0x0000000085300000, 0x0000000085300000| Complete 
|  84|0x0000000085400000, 0x0000000085400000, 0x0000000085500000|  0%| F|  |TAMS 0x0000000085400000, 0x0000000085400000| Untracked 
|  85|0x0000000085500000, 0x0000000085500000, 0x0000000085600000|  0%| F|  |TAMS 0x0000000085500000, 0x0000000085500000| Untracked 
|  86|0x0000000085600000, 0x0000000085600000, 0x0000000085700000|  0%| F|  |TAMS 0x0000000085600000, 0x0000000085600000| Untracked 
|  87|0x0000000085700000, 0x0000000085700000, 0x0000000085800000|  0%| F|  |TAMS 0x0000000085700000, 0x0000000085700000| Untracked 
|  88|0x0000000085800000, 0x0000000085800000, 0x0000000085900000|  0%| F|  |TAMS 0x0000000085800000, 0x0000000085800000| Untracked 
|  89|0x0000000085900000, 0x0000000085900000, 0x0000000085a00000|  0%| F|  |TAMS 0x0000000085900000, 0x0000000085900000| Untracked 
|  90|0x0000000085a00000, 0x0000000085a00000, 0x0000000085b00000|  0%| F|  |TAMS 0x0000000085a00000, 0x0000000085a00000| Untracked 
|  91|0x0000000085b00000, 0x0000000085b00000, 0x0000000085c00000|  0%| F|  |TAMS 0x0000000085b00000, 0x0000000085b00000| Untracked 
|  92|0x0000000085c00000, 0x0000000085c00000, 0x0000000085d00000|  0%| F|  |TAMS 0x0000000085c00000, 0x0000000085c00000| Untracked 
|  93|0x0000000085d00000, 0x0000000085d00000, 0x0000000085e00000|  0%| F|  |TAMS 0x0000000085d00000, 0x0000000085d00000| Untracked 
|  94|0x0000000085e00000, 0x0000000085e00000, 0x0000000085f00000|  0%| F|  |TAMS 0x0000000085e00000, 0x0000000085e00000| Untracked 
|  95|0x0000000085f00000, 0x0000000085f00000, 0x0000000086000000|  0%| F|  |TAMS 0x0000000085f00000, 0x0000000085f00000| Untracked 
|  96|0x0000000086000000, 0x0000000086000000, 0x0000000086100000|  0%| F|  |TAMS 0x0000000086000000, 0x0000000086000000| Untracked 
|  97|0x0000000086100000, 0x0000000086100000, 0x0000000086200000|  0%| F|  |TAMS 0x0000000086100000, 0x0000000086100000| Untracked 
|  98|0x0000000086200000, 0x0000000086200000, 0x0000000086300000|  0%| F|  |TAMS 0x0000000086200000, 0x0000000086200000| Untracked 
|  99|0x0000000086300000, 0x0000000086300000, 0x0000000086400000|  0%| F|  |TAMS 0x0000000086300000, 0x0000000086300000| Untracked 
| 100|0x0000000086400000, 0x0000000086400000, 0x0000000086500000|  0%| F|  |TAMS 0x0000000086400000, 0x0000000086400000| Untracked 
| 101|0x0000000086500000, 0x0000000086500000, 0x0000000086600000|  0%| F|  |TAMS 0x0000000086500000, 0x0000000086500000| Untracked 
| 102|0x0000000086600000, 0x0000000086600000, 0x0000000086700000|  0%| F|  |TAMS 0x0000000086600000, 0x0000000086600000| Untracked 
| 103|0x0000000086700000, 0x0000000086700000, 0x0000000086800000|  0%| F|  |TAMS 0x0000000086700000, 0x0000000086700000| Untracked 
| 104|0x0000000086800000, 0x0000000086800000, 0x0000000086900000|  0%| F|  |TAMS 0x0000000086800000, 0x0000000086800000| Untracked 
| 105|0x0000000086900000, 0x0000000086900000, 0x0000000086a00000|  0%| F|  |TAMS 0x0000000086900000, 0x0000000086900000| Untracked 
| 106|0x0000000086a00000, 0x0000000086a00000, 0x0000000086b00000|  0%| F|  |TAMS 0x0000000086a00000, 0x0000000086a00000| Untracked 
| 107|0x0000000086b00000, 0x0000000086b00000, 0x0000000086c00000|  0%| F|  |TAMS 0x0000000086b00000, 0x0000000086b00000| Untracked 
| 108|0x0000000086c00000, 0x0000000086c7dc58, 0x0000000086d00000| 49%| E|  |TAMS 0x0000000086c00000, 0x0000000086c00000| Complete 
| 109|0x0000000086d00000, 0x0000000086e00000, 0x0000000086e00000|100%| E|CS|TAMS 0x0000000086d00000, 0x0000000086d00000| Complete 
| 110|0x0000000086e00000, 0x0000000086e058b8, 0x0000000086f00000|  2%| S|CS|TAMS 0x0000000086e00000, 0x0000000086e00000| Complete 
| 111|0x0000000086f00000, 0x0000000087000000, 0x0000000087000000|100%| S|CS|TAMS 0x0000000086f00000, 0x0000000086f00000| Complete 
| 112|0x0000000087000000, 0x0000000087100000, 0x0000000087100000|100%| E|CS|TAMS 0x0000000087000000, 0x0000000087000000| Complete 
| 113|0x0000000087100000, 0x0000000087200000, 0x0000000087200000|100%| E|CS|TAMS 0x0000000087100000, 0x0000000087100000| Complete 
| 114|0x0000000087200000, 0x0000000087300000, 0x0000000087300000|100%| E|CS|TAMS 0x0000000087200000, 0x0000000087200000| Complete 
| 115|0x0000000087300000, 0x0000000087400000, 0x0000000087400000|100%| E|CS|TAMS 0x0000000087300000, 0x0000000087300000| Complete 
| 116|0x0000000087400000, 0x0000000087500000, 0x0000000087500000|100%| E|CS|TAMS 0x0000000087400000, 0x0000000087400000| Complete 
| 117|0x0000000087500000, 0x0000000087600000, 0x0000000087600000|100%| E|CS|TAMS 0x0000000087500000, 0x0000000087500000| Complete 
| 118|0x0000000087600000, 0x0000000087700000, 0x0000000087700000|100%| E|CS|TAMS 0x0000000087600000, 0x0000000087600000| Complete 
| 119|0x0000000087700000, 0x0000000087800000, 0x0000000087800000|100%| E|CS|TAMS 0x0000000087700000, 0x0000000087700000| Complete 
| 120|0x0000000087800000, 0x0000000087900000, 0x0000000087900000|100%| E|CS|TAMS 0x0000000087800000, 0x0000000087800000| Complete 
| 121|0x0000000087900000, 0x0000000087a00000, 0x0000000087a00000|100%| E|  |TAMS 0x0000000087900000, 0x0000000087900000| Complete 
| 122|0x0000000087a00000, 0x0000000087b00000, 0x0000000087b00000|100%| E|CS|TAMS 0x0000000087a00000, 0x0000000087a00000| Complete 
| 123|0x0000000087b00000, 0x0000000087c00000, 0x0000000087c00000|100%| E|CS|TAMS 0x0000000087b00000, 0x0000000087b00000| Complete 
| 124|0x0000000087c00000, 0x0000000087d00000, 0x0000000087d00000|100%| E|CS|TAMS 0x0000000087c00000, 0x0000000087c00000| Complete 
| 125|0x0000000087d00000, 0x0000000087e00000, 0x0000000087e00000|100%| E|CS|TAMS 0x0000000087d00000, 0x0000000087d00000| Complete 
| 126|0x0000000087e00000, 0x0000000087f00000, 0x0000000087f00000|100%| E|CS|TAMS 0x0000000087e00000, 0x0000000087e00000| Complete 
| 127|0x0000000087f00000, 0x0000000088000000, 0x0000000088000000|100%| E|CS|TAMS 0x0000000087f00000, 0x0000000087f00000| Complete 
| 128|0x0000000088000000, 0x0000000088100000, 0x0000000088100000|100%| E|CS|TAMS 0x0000000088000000, 0x0000000088000000| Complete 
| 129|0x0000000088100000, 0x0000000088200000, 0x0000000088200000|100%| E|CS|TAMS 0x0000000088100000, 0x0000000088100000| Complete 
| 130|0x0000000088200000, 0x0000000088300000, 0x0000000088300000|100%| E|CS|TAMS 0x0000000088200000, 0x0000000088200000| Complete 
| 131|0x0000000088300000, 0x0000000088400000, 0x0000000088400000|100%| E|CS|TAMS 0x0000000088300000, 0x0000000088300000| Complete 
| 132|0x0000000088400000, 0x0000000088500000, 0x0000000088500000|100%| E|CS|TAMS 0x0000000088400000, 0x0000000088400000| Complete 
| 133|0x0000000088500000, 0x0000000088600000, 0x0000000088600000|100%| E|CS|TAMS 0x0000000088500000, 0x0000000088500000| Complete 
| 134|0x0000000088600000, 0x0000000088700000, 0x0000000088700000|100%| E|CS|TAMS 0x0000000088600000, 0x0000000088600000| Complete 
| 135|0x0000000088700000, 0x0000000088800000, 0x0000000088800000|100%| E|CS|TAMS 0x0000000088700000, 0x0000000088700000| Complete 
| 136|0x0000000088800000, 0x0000000088900000, 0x0000000088900000|100%| E|CS|TAMS 0x0000000088800000, 0x0000000088800000| Complete 

Card table byte_map: [0x000002b07a7e0000,0x000002b07abe0000] _byte_map_base: 0x000002b07a3e0000

Marking Bits (Prev, Next): (CMBitMap*) 0x000002b067a17180, (CMBitMap*) 0x000002b067a17140
 Prev Bits: [0x000002b07cfe0000, 0x000002b07efe0000)
 Next Bits: [0x000002b07afe0000, 0x000002b07cfe0000)

Polling page: 0x000002b065930000

Metaspace:

Usage:
  Non-class:     52.74 MB used.
      Class:      8.72 MB used.
       Both:     61.46 MB used.

Virtual space:
  Non-class space:       56.00 MB reserved,      53.12 MB ( 95%) committed,  7 nodes.
      Class space:        1.00 GB reserved,       9.00 MB ( <1%) committed,  1 nodes.
             Both:        1.05 GB reserved,      62.12 MB (  6%) committed. 

Chunk freelists:
   Non-Class:  2.17 MB
       Class:  2.89 MB
        Both:  5.06 MB

MaxMetaspaceSize: unlimited
CompressedClassSpaceSize: 1.00 GB
Initial GC threshold: 21.00 MB
Current GC threshold: 99.81 MB
CDS: off
MetaspaceReclaimPolicy: balanced
 - commit_granule_bytes: 65536.
 - commit_granule_words: 8192.
 - virtual_space_node_default_size: 1048576.
 - enlarge_chunks_in_place: 1.
 - new_chunks_are_fully_committed: 0.
 - uncommit_free_chunks: 1.
 - use_allocation_guard: 0.
 - handle_deallocations: 1.


Internal statistics:

num_allocs_failed_limit: 3.
num_arena_births: 762.
num_arena_deaths: 0.
num_vsnodes_births: 8.
num_vsnodes_deaths: 0.
num_space_committed: 994.
num_space_uncommitted: 0.
num_chunks_returned_to_freelist: 3.
num_chunks_taken_from_freelist: 2917.
num_chunk_merges: 3.
num_chunk_splits: 1943.
num_chunks_enlarged: 1331.
num_purges: 0.
num_inconsistent_stats: 0.

CodeHeap 'non-profiled nmethods': size=120000Kb used=2668Kb max_used=3322Kb free=117332Kb
 bounds [0x000002b072960000, 0x000002b072ca0000, 0x000002b079e90000]
CodeHeap 'profiled nmethods': size=120000Kb used=10858Kb max_used=12537Kb free=109141Kb
 bounds [0x000002b06ae90000, 0x000002b06bae0000, 0x000002b0723c0000]
CodeHeap 'non-nmethods': size=5760Kb used=2334Kb max_used=2357Kb free=3425Kb
 bounds [0x000002b0723c0000, 0x000002b072630000, 0x000002b072960000]
 total_blobs=6551 nmethods=5694 adapters=768
 compilation: enabled
              stopped_count=0, restarted_count=0
 full_count=0

Compilation events (20 events):
Event: 25.420 Thread 0x000002b00282b390 6526       3       org.gradle.internal.dispatch.MethodInvocation::<init> (25 bytes)
Event: 25.420 Thread 0x000002b00282b390 nmethod 6526 0x000002b06b54a810 code [0x000002b06b54a9c0, 0x000002b06b54ac38]
Event: 25.420 Thread 0x000002b00282b390 6531       1       com.google.common.collect.RegularImmutableList::internalArray (5 bytes)
Event: 25.420 Thread 0x000002b00282b390 nmethod 6531 0x000002b0729a7a90 code [0x000002b0729a7c20, 0x000002b0729a7cf8]
Event: 25.420 Thread 0x000002b00282b390 6532       1       com.google.common.collect.RegularImmutableList::internalArrayStart (2 bytes)
Event: 25.420 Thread 0x000002b00282b390 nmethod 6532 0x000002b0729a7790 code [0x000002b0729a7920, 0x000002b0729a79f8]
Event: 25.464 Thread 0x000002b00282b390 6533       1       com.android.build.gradle.options.Stage::getStatus (5 bytes)
Event: 25.464 Thread 0x000002b00282b390 nmethod 6533 0x000002b0729a7490 code [0x000002b0729a7620, 0x000002b0729a76f8]
Event: 25.472 Thread 0x000002b00282b390 6534       3       com.google.common.collect.CollectPreconditions::checkEntryNotNull (100 bytes)
Event: 25.473 Thread 0x000002b00282b390 nmethod 6534 0x000002b06b1d8610 code [0x000002b06b1d8920, 0x000002b06b1d9628]
Event: 25.473 Thread 0x000002b00282b390 6535       1       com.google.common.collect.ImmutableEntry::getKey (5 bytes)
Event: 25.473 Thread 0x000002b00282b390 nmethod 6535 0x000002b0729a7190 code [0x000002b0729a7320, 0x000002b0729a73f8]
Event: 25.473 Thread 0x000002b00282b390 6536       1       com.google.common.collect.ImmutableEntry::getValue (5 bytes)
Event: 25.473 Thread 0x000002b00282b390 nmethod 6536 0x000002b0729a6d10 code [0x000002b0729a6ea0, 0x000002b0729a6f78]
Event: 25.482 Thread 0x000002b00282b390 6537       3       com.google.common.collect.ImmutableMapEntry::<init> (12 bytes)
Event: 25.483 Thread 0x000002b00282b390 nmethod 6537 0x000002b06b585010 code [0x000002b06b5851c0, 0x000002b06b5854c8]
Event: 25.483 Thread 0x000002b00282b390 6538       3       com.google.common.collect.ImmutableEntry::<init> (15 bytes)
Event: 25.483 Thread 0x000002b00282b390 nmethod 6538 0x000002b06b5cd210 code [0x000002b06b5cd3c0, 0x000002b06b5cd638]
Event: 25.483 Thread 0x000002b00282b390 6539       1       com.google.common.collect.ImmutableMapEntry::isReusable (2 bytes)
Event: 25.484 Thread 0x000002b00282b390 nmethod 6539 0x000002b0729bd890 code [0x000002b0729bda20, 0x000002b0729bdaf8]

GC Heap History (20 events):
Event: 13.593 GC heap before
{Heap before GC invocations=17 (full 0):
 garbage-first heap   total 113664K, used 59147K [0x0000000080000000, 0x0000000100000000)
  region size 1024K, 3 young (3072K), 2 survivors (2048K)
 Metaspace       used 42274K, committed 42688K, reserved 1089536K
  class space    used 5639K, committed 5824K, reserved 1048576K
}
Event: 13.595 GC heap after
{Heap after GC invocations=18 (full 0):
 garbage-first heap   total 113664K, used 58652K [0x0000000080000000, 0x0000000100000000)
  region size 1024K, 2 young (2048K), 2 survivors (2048K)
 Metaspace       used 42274K, committed 42688K, reserved 1089536K
  class space    used 5639K, committed 5824K, reserved 1048576K
}
Event: 15.056 GC heap before
{Heap before GC invocations=19 (full 0):
 garbage-first heap   total 113664K, used 90396K [0x0000000080000000, 0x0000000100000000)
  region size 1024K, 31 young (31744K), 2 survivors (2048K)
 Metaspace       used 46688K, committed 47104K, reserved 1097728K
  class space    used 6201K, committed 6400K, reserved 1048576K
}
Event: 15.058 GC heap after
{Heap after GC invocations=20 (full 0):
 garbage-first heap   total 113664K, used 59873K [0x0000000080000000, 0x0000000100000000)
  region size 1024K, 4 young (4096K), 4 survivors (4096K)
 Metaspace       used 46688K, committed 47104K, reserved 1097728K
  class space    used 6201K, committed 6400K, reserved 1048576K
}
Event: 15.111 GC heap before
{Heap before GC invocations=20 (full 0):
 garbage-first heap   total 113664K, used 61921K [0x0000000080000000, 0x0000000100000000)
  region size 1024K, 7 young (7168K), 4 survivors (4096K)
 Metaspace       used 46720K, committed 47168K, reserved 1097728K
  class space    used 6203K, committed 6400K, reserved 1048576K
}
Event: 15.114 GC heap after
{Heap after GC invocations=21 (full 0):
 garbage-first heap   total 113664K, used 60714K [0x0000000080000000, 0x0000000100000000)
  region size 1024K, 4 young (4096K), 4 survivors (4096K)
 Metaspace       used 46720K, committed 47168K, reserved 1097728K
  class space    used 6203K, committed 6400K, reserved 1048576K
}
Event: 15.167 GC heap before
{Heap before GC invocations=22 (full 0):
 garbage-first heap   total 113664K, used 63786K [0x0000000080000000, 0x0000000100000000)
  region size 1024K, 5 young (5120K), 4 survivors (4096K)
 Metaspace       used 46720K, committed 47168K, reserved 1097728K
  class space    used 6203K, committed 6400K, reserved 1048576K
}
Event: 15.170 GC heap after
{Heap after GC invocations=23 (full 0):
 garbage-first heap   total 113664K, used 64429K [0x0000000080000000, 0x0000000100000000)
  region size 1024K, 2 young (2048K), 2 survivors (2048K)
 Metaspace       used 46720K, committed 47168K, reserved 1097728K
  class space    used 6203K, committed 6400K, reserved 1048576K
}
Event: 15.591 GC heap before
{Heap before GC invocations=24 (full 0):
 garbage-first heap   total 116736K, used 76717K [0x0000000080000000, 0x0000000100000000)
  region size 1024K, 13 young (13312K), 2 survivors (2048K)
 Metaspace       used 47438K, committed 47936K, reserved 1097728K
  class space    used 6286K, committed 6528K, reserved 1048576K
}
Event: 15.593 GC heap after
{Heap after GC invocations=25 (full 0):
 garbage-first heap   total 140288K, used 68960K [0x0000000080000000, 0x0000000100000000)
  region size 1024K, 3 young (3072K), 3 survivors (3072K)
 Metaspace       used 47438K, committed 47936K, reserved 1097728K
  class space    used 6286K, committed 6528K, reserved 1048576K
}
Event: 16.627 GC heap before
{Heap before GC invocations=26 (full 0):
 garbage-first heap   total 140288K, used 104800K [0x0000000080000000, 0x0000000100000000)
  region size 1024K, 37 young (37888K), 3 survivors (3072K)
 Metaspace       used 50894K, committed 51456K, reserved 1097728K
  class space    used 6743K, committed 7040K, reserved 1048576K
}
Event: 16.631 GC heap after
{Heap after GC invocations=27 (full 0):
 garbage-first heap   total 140288K, used 70963K [0x0000000080000000, 0x0000000100000000)
  region size 1024K, 5 young (5120K), 5 survivors (5120K)
 Metaspace       used 50894K, committed 51456K, reserved 1097728K
  class space    used 6743K, committed 7040K, reserved 1048576K
}
Event: 18.883 GC heap before
{Heap before GC invocations=27 (full 0):
 garbage-first heap   total 140288K, used 105779K [0x0000000080000000, 0x0000000100000000)
  region size 1024K, 39 young (39936K), 5 survivors (5120K)
 Metaspace       used 54923K, committed 55552K, reserved 1097728K
  class space    used 7415K, committed 7680K, reserved 1048576K
}
Event: 18.891 GC heap after
{Heap after GC invocations=28 (full 0):
 garbage-first heap   total 140288K, used 73147K [0x0000000080000000, 0x0000000100000000)
  region size 1024K, 5 young (5120K), 5 survivors (5120K)
 Metaspace       used 54923K, committed 55552K, reserved 1097728K
  class space    used 7415K, committed 7680K, reserved 1048576K
}
Event: 22.373 GC heap before
{Heap before GC invocations=29 (full 0):
 garbage-first heap   total 140288K, used 107963K [0x0000000080000000, 0x0000000100000000)
  region size 1024K, 40 young (40960K), 5 survivors (5120K)
 Metaspace       used 56469K, committed 57088K, reserved 1105920K
  class space    used 7586K, committed 7872K, reserved 1048576K
}
Event: 22.380 GC heap after
{Heap after GC invocations=30 (full 0):
 garbage-first heap   total 140288K, used 75516K [0x0000000080000000, 0x0000000100000000)
  region size 1024K, 5 young (5120K), 5 survivors (5120K)
 Metaspace       used 56469K, committed 57088K, reserved 1105920K
  class space    used 7586K, committed 7872K, reserved 1048576K
}
Event: 22.514 GC heap before
{Heap before GC invocations=30 (full 0):
 garbage-first heap   total 140288K, used 76540K [0x0000000080000000, 0x0000000100000000)
  region size 1024K, 6 young (6144K), 5 survivors (5120K)
 Metaspace       used 56503K, committed 57152K, reserved 1105920K
  class space    used 7586K, committed 7872K, reserved 1048576K
}
Event: 22.519 GC heap after
{Heap after GC invocations=31 (full 0):
 garbage-first heap   total 140288K, used 75111K [0x0000000080000000, 0x0000000100000000)
  region size 1024K, 1 young (1024K), 1 survivors (1024K)
 Metaspace       used 56503K, committed 57152K, reserved 1105920K
  class space    used 7586K, committed 7872K, reserved 1048576K
}
Event: 24.024 GC heap before
{Heap before GC invocations=31 (full 0):
 garbage-first heap   total 140288K, used 98663K [0x0000000080000000, 0x0000000100000000)
  region size 1024K, 25 young (25600K), 1 survivors (1024K)
 Metaspace       used 60583K, committed 61312K, reserved 1105920K
  class space    used 8582K, committed 8896K, reserved 1048576K
}
Event: 24.027 GC heap after
{Heap after GC invocations=32 (full 0):
 garbage-first heap   total 140288K, used 75745K [0x0000000080000000, 0x0000000100000000)
  region size 1024K, 2 young (2048K), 2 survivors (2048K)
 Metaspace       used 60583K, committed 61312K, reserved 1105920K
  class space    used 8582K, committed 8896K, reserved 1048576K
}

Dll operation events (2 events):
Event: 0.036 Loaded shared library C:\Program Files\Android\Android Studio\jbr\bin\java.dll
Event: 0.693 Loaded shared library C:\Program Files\Android\Android Studio\jbr\bin\verify.dll

Deoptimization events (20 events):
Event: 24.018 Thread 0x000002b003ee6690 Uncommon trap: trap_request=0xffffff45 fr.pc=0x000002b072c94fa0 relative=0x0000000000000460
Event: 24.018 Thread 0x000002b003ee6690 Uncommon trap: reason=unstable_if action=reinterpret pc=0x000002b072c94fa0 method=sun.security.provider.DigestBase.engineUpdate([BII)V @ 1 c2
Event: 24.018 Thread 0x000002b003ee6690 DEOPT PACKING pc=0x000002b072c94fa0 sp=0x000000ca60df8110
Event: 24.018 Thread 0x000002b003ee6690 DEOPT UNPACKING pc=0x000002b0724169a3 sp=0x000000ca60df80c8 mode 2
Event: 24.021 Thread 0x000002b003ee6690 Uncommon trap: trap_request=0xfffffff4 fr.pc=0x000002b072c42b30 relative=0x00000000000006d0
Event: 24.021 Thread 0x000002b003ee6690 Uncommon trap: reason=null_check action=make_not_entrant pc=0x000002b072c42b30 method=org.gradle.util.internal.SimpleMapInterner.intern(Ljava/lang/Object;)Ljava/lang/Object; @ 2 c2
Event: 24.021 Thread 0x000002b003ee6690 DEOPT PACKING pc=0x000002b072c42b30 sp=0x000000ca60df8830
Event: 24.021 Thread 0x000002b003ee6690 DEOPT UNPACKING pc=0x000002b0724169a3 sp=0x000000ca60df87f8 mode 2
Event: 24.022 Thread 0x000002b003ee6690 Uncommon trap: trap_request=0xffffffc6 fr.pc=0x000002b072aa4c58 relative=0x0000000000000218
Event: 24.022 Thread 0x000002b003ee6690 Uncommon trap: reason=bimorphic_or_optimized_type_check action=maybe_recompile pc=0x000002b072aa4c58 method=com.google.common.base.CharMatcher.indexIn(Ljava/lang/CharSequence;I)I @ 31 c2
Event: 24.022 Thread 0x000002b003ee6690 DEOPT PACKING pc=0x000002b072aa4c58 sp=0x000000ca60df8d30
Event: 24.022 Thread 0x000002b003ee6690 DEOPT UNPACKING pc=0x000002b0724169a3 sp=0x000000ca60df8cd8 mode 2
Event: 24.109 Thread 0x000002b003ee6690 Uncommon trap: trap_request=0xffffff45 fr.pc=0x000002b0729ba9b0 relative=0x0000000000000670
Event: 24.109 Thread 0x000002b003ee6690 Uncommon trap: reason=unstable_if action=reinterpret pc=0x000002b0729ba9b0 method=java.util.jar.Manifest$FastInputStream.readLine([BII)I @ 130 c2
Event: 24.109 Thread 0x000002b003ee6690 DEOPT PACKING pc=0x000002b0729ba9b0 sp=0x000000ca60df7d60
Event: 24.109 Thread 0x000002b003ee6690 DEOPT UNPACKING pc=0x000002b0724169a3 sp=0x000000ca60df7cf0 mode 2
Event: 25.235 Thread 0x000002b003ee6690 Uncommon trap: trap_request=0xffffff45 fr.pc=0x000002b072bf637c relative=0x0000000000005a9c
Event: 25.236 Thread 0x000002b003ee6690 Uncommon trap: reason=unstable_if action=reinterpret pc=0x000002b072bf637c method=org.objectweb.asm.Frame.execute(IILorg/objectweb/asm/Symbol;Lorg/objectweb/asm/SymbolTable;)V @ 1 c2
Event: 25.236 Thread 0x000002b003ee6690 DEOPT PACKING pc=0x000002b072bf637c sp=0x000000ca60df5bb0
Event: 25.236 Thread 0x000002b003ee6690 DEOPT UNPACKING pc=0x000002b0724169a3 sp=0x000000ca60df5b68 mode 2

Classes unloaded (0 events):
No events

Classes redefined (0 events):
No events

Internal exceptions (20 events):
Event: 21.200 Thread 0x000002b003ee6690 Implicit null exception at 0x000002b072c5676f to 0x000002b072c569b8
Event: 22.884 Thread 0x000002b003ee6690 Exception <a 'java/lang/NoSuchMethodError'{0x000000008829c0a0}: 'void java.lang.invoke.DirectMethodHandle$Holder.invokeVirtual(java.lang.Object, java.lang.Object)'> (0x000000008829c0a0) 
thrown [s\src\hotspot\share\interpreter\linkResolver.cpp, line 771]
Event: 22.999 Thread 0x000002b003ee6690 Exception <a 'java/lang/NoSuchMethodError'{0x0000000088061800}: 'java.lang.Object java.lang.invoke.DirectMethodHandle$Holder.invokeStaticInit(java.lang.Object, int)'> (0x0000000088061800) 
thrown [s\src\hotspot\share\interpreter\linkResolver.cpp, line 771]
Event: 23.054 Thread 0x000002b003ee6690 Exception <a 'java/lang/NoSuchMethodError'{0x0000000087f8b8b8}: 'int java.lang.invoke.DelegatingMethodHandle$Holder.reinvoke_L(java.lang.Object, java.lang.Object, java.lang.Object, long, int, int)'> (0x0000000087f8b8b8) 
thrown [s\src\hotspot\share\interpreter\linkResolver.cpp, line 771]
Event: 23.059 Thread 0x000002b003ee6690 Exception <a 'java/lang/NoSuchMethodError'{0x0000000087f9b7e0}: 'int java.lang.invoke.DelegatingMethodHandle$Holder.reinvoke_L(java.lang.Object, java.lang.Object, java.lang.Object, long, long, long)'> (0x0000000087f9b7e0) 
thrown [s\src\hotspot\share\interpreter\linkResolver.cpp, line 771]
Event: 23.067 Thread 0x000002b003ee6690 Exception <a 'java/lang/NoSuchMethodError'{0x0000000087fab960}: 'int java.lang.invoke.DelegatingMethodHandle$Holder.reinvoke_L(java.lang.Object, java.lang.Object, java.lang.Object, long, java.lang.Object, java.lang.Object)'> (0x0000000087fab960) 
thrown [s\src\hotspot\share\interpreter\linkResolver.cpp, line 771]
Event: 23.075 Thread 0x000002b003ee6690 Exception <a 'java/lang/NoSuchMethodError'{0x0000000087fbb928}: 'void java.lang.invoke.DelegatingMethodHandle$Holder.reinvoke_L(java.lang.Object, java.lang.Object, java.lang.Object, long, java.lang.Object)'> (0x0000000087fbb928) 
thrown [s\src\hotspot\share\interpreter\linkResolver.cpp, line 771]
Event: 23.077 Thread 0x000002b003ee6690 Exception <a 'java/lang/NoSuchMethodError'{0x0000000087fc4258}: 'java.lang.Object java.lang.invoke.DirectMethodHandle$Holder.invokeSpecial(java.lang.Object, java.lang.Object, java.lang.Object, java.lang.Object, long)'> (0x0000000087fc4258) 
thrown [s\src\hotspot\share\interpreter\linkResolver.cpp, line 771]
Event: 23.086 Thread 0x000002b003ee6690 Exception <a 'java/lang/NoSuchMethodError'{0x0000000087fe9728}: 'long java.lang.invoke.Invokers$Holder.invoke_MT(java.lang.Object, java.lang.Object, java.lang.Object, java.lang.Object)'> (0x0000000087fe9728) 
thrown [s\src\hotspot\share\interpreter\linkResolver.cpp, line 771]
Event: 23.088 Thread 0x000002b003ee6690 Exception <a 'java/lang/NoSuchMethodError'{0x0000000087ff2ad0}: 'int java.lang.invoke.Invokers$Holder.invoke_MT(java.lang.Object, java.lang.Object, java.lang.Object, java.lang.Object)'> (0x0000000087ff2ad0) 
thrown [s\src\hotspot\share\interpreter\linkResolver.cpp, line 771]
Event: 23.092 Thread 0x000002b003ee6690 Exception <a 'java/lang/NoSuchMethodError'{0x0000000087e04268}: 'int java.lang.invoke.DelegatingMethodHandle$Holder.reinvoke_L(java.lang.Object, java.lang.Object, java.lang.Object, long, int)'> (0x0000000087e04268) 
thrown [s\src\hotspot\share\interpreter\linkResolver.cpp, line 771]
Event: 23.103 Thread 0x000002b003ee6690 Exception <a 'java/lang/NoSuchMethodError'{0x0000000087e17908}: 'java.lang.Object java.lang.invoke.Invokers$Holder.invokeExact_MT(java.lang.Object, java.lang.Object, long, java.lang.Object)'> (0x0000000087e17908) 
thrown [s\src\hotspot\share\interpreter\linkResolver.cpp, line 771]
Event: 23.568 Thread 0x000002b003ee6690 Implicit null exception at 0x000002b072c31313 to 0x000002b072c31458
Event: 24.002 Thread 0x000002b005adc560 Exception <a 'sun/nio/fs/WindowsException'{0x0000000087046690}> (0x0000000087046690) 
thrown [s\src\hotspot\share\prims\jni.cpp, line 517]
Event: 24.006 Thread 0x000002b005adc560 Exception <a 'sun/nio/fs/WindowsException'{0x00000000870630c8}> (0x00000000870630c8) 
thrown [s\src\hotspot\share\prims\jni.cpp, line 517]
Event: 24.008 Thread 0x000002b005adc560 Exception <a 'sun/nio/fs/WindowsException'{0x0000000087063240}> (0x0000000087063240) 
thrown [s\src\hotspot\share\prims\jni.cpp, line 517]
Event: 24.021 Thread 0x000002b003ee6690 Implicit null exception at 0x000002b072c4248f to 0x000002b072c42b20
Event: 25.169 Thread 0x000002b003ee6690 Exception <a 'java/lang/NoSuchMethodError'{0x00000000875c95c8}: 'java.lang.Object java.lang.invoke.DirectMethodHandle$Holder.newInvokeSpecial(java.lang.Object, java.lang.Object, java.lang.Object, java.lang.Object, int)'> (0x00000000875c95c8) 
thrown [s\src\hotspot\share\interpreter\linkResolver.cpp, line 771]
Event: 25.173 Thread 0x000002b003ee6690 Exception <a 'java/lang/NoSuchMethodError'{0x00000000875ce9c8}: 'java.lang.Object java.lang.invoke.DirectMethodHandle$Holder.invokeSpecial(java.lang.Object, java.lang.Object, java.lang.Object, java.lang.Object, java.lang.Object, int)'> (0x00000000875ce9c8) 
thrown [s\src\hotspot\share\interpreter\linkResolver.cpp, line 771]
Event: 25.176 Thread 0x000002b003ee6690 Exception <a 'java/lang/NoSuchMethodError'{0x00000000875d3700}: 'java.lang.Object java.lang.invoke.Invokers$Holder.linkToTargetMethod(java.lang.Object, java.lang.Object, java.lang.Object, int, java.lang.Object)'> (0x00000000875d3700) 
thrown [s\src\hotspot\share\interpreter\linkResolver.cpp, line 771]

VM Operations (20 events):
Event: 22.872 Executing VM operation: HandshakeAllThreads
Event: 22.872 Executing VM operation: HandshakeAllThreads done
Event: 22.966 Executing VM operation: HandshakeAllThreads
Event: 22.967 Executing VM operation: HandshakeAllThreads done
Event: 23.294 Executing VM operation: HandshakeAllThreads
Event: 23.294 Executing VM operation: HandshakeAllThreads done
Event: 23.304 Executing VM operation: HandshakeAllThreads
Event: 23.304 Executing VM operation: HandshakeAllThreads done
Event: 23.984 Executing VM operation: HandshakeAllThreads
Event: 23.984 Executing VM operation: HandshakeAllThreads done
Event: 23.984 Executing VM operation: Cleanup
Event: 23.985 Executing VM operation: Cleanup done
Event: 24.024 Executing VM operation: G1TryInitiateConcMark
Event: 24.027 Executing VM operation: G1TryInitiateConcMark done
Event: 24.055 Executing VM operation: G1Concurrent
Event: 24.058 Executing VM operation: G1Concurrent done
Event: 24.072 Executing VM operation: G1Concurrent
Event: 24.072 Executing VM operation: G1Concurrent done
Event: 25.084 Executing VM operation: Cleanup
Event: 25.088 Executing VM operation: Cleanup done

Events (20 events):
Event: 22.734 Thread 0x000002b00282bc90 flushing nmethod 0x000002b06b8e3910
Event: 22.734 Thread 0x000002b00282bc90 flushing nmethod 0x000002b06b8e6190
Event: 22.734 Thread 0x000002b00282bc90 flushing nmethod 0x000002b06b8eca10
Event: 22.734 Thread 0x000002b00282bc90 flushing nmethod 0x000002b06b8f0090
Event: 22.734 Thread 0x000002b00282bc90 flushing nmethod 0x000002b06b911a10
Event: 22.735 Thread 0x000002b00282bc90 flushing nmethod 0x000002b06b962b10
Event: 22.735 Thread 0x000002b00282bc90 flushing nmethod 0x000002b06b9d0010
Event: 22.735 Thread 0x000002b00282bc90 flushing nmethod 0x000002b06b9d1390
Event: 22.735 Thread 0x000002b00282bc90 flushing nmethod 0x000002b06ba04510
Event: 22.735 Thread 0x000002b00282bc90 flushing nmethod 0x000002b06ba0a610
Event: 22.735 Thread 0x000002b00282bc90 flushing nmethod 0x000002b06ba16b90
Event: 22.735 Thread 0x000002b00282bc90 flushing nmethod 0x000002b06ba52710
Event: 22.968 loading class java/util/EmptyStackException
Event: 22.968 loading class java/util/EmptyStackException done
Event: 23.956 loading class java/lang/Byte$ByteCache
Event: 23.957 loading class java/lang/Byte$ByteCache done
Event: 25.299 loading class sun/reflect/ReflectionFactory
Event: 25.300 loading class sun/reflect/ReflectionFactory done
Event: 25.300 loading class sun/reflect/ReflectionFactory$1
Event: 25.301 loading class sun/reflect/ReflectionFactory$1 done


Dynamic libraries:
0x00007ff6798e0000 - 0x00007ff6798ea000 	C:\Program Files\Android\Android Studio\jbr\bin\java.exe
0x00007fff5a210000 - 0x00007fff5a407000 	C:\WINDOWS\SYSTEM32\ntdll.dll
0x00007fff59350000 - 0x00007fff5940d000 	C:\WINDOWS\System32\KERNEL32.DLL
0x00007fff57a50000 - 0x00007fff57d46000 	C:\WINDOWS\System32\KERNELBASE.dll
0x00007fff58020000 - 0x00007fff58120000 	C:\WINDOWS\System32\ucrtbase.dll
0x00007fff51390000 - 0x00007fff513ab000 	C:\Program Files\Android\Android Studio\jbr\bin\VCRUNTIME140.dll
0x00007fff3b000000 - 0x00007fff3b017000 	C:\Program Files\Android\Android Studio\jbr\bin\jli.dll
0x00007fff59ee0000 - 0x00007fff5a07e000 	C:\WINDOWS\System32\USER32.dll
0x00007fff57fc0000 - 0x00007fff57fe2000 	C:\WINDOWS\System32\win32u.dll
0x00007fff58650000 - 0x00007fff5867c000 	C:\WINDOWS\System32\GDI32.dll
0x00007fff57ea0000 - 0x00007fff57fba000 	C:\WINDOWS\System32\gdi32full.dll
0x00007fff58120000 - 0x00007fff581bd000 	C:\WINDOWS\System32\msvcp_win.dll
0x00007fff423f0000 - 0x00007fff4268a000 	C:\WINDOWS\WinSxS\amd64_microsoft.windows.common-controls_6595b64144ccf1df_6.0.19041.3570_none_60bb2a3971f3e41a\COMCTL32.dll
0x00007fff59890000 - 0x00007fff5992e000 	C:\WINDOWS\System32\msvcrt.dll
0x00007fff5a1a0000 - 0x00007fff5a1d0000 	C:\WINDOWS\System32\IMM32.DLL
0x00007fff51380000 - 0x00007fff5138c000 	C:\Program Files\Android\Android Studio\jbr\bin\vcruntime140_1.dll
0x00007fff210a0000 - 0x00007fff2112d000 	C:\Program Files\Android\Android Studio\jbr\bin\msvcp140.dll
0x00007ffeec750000 - 0x00007ffeed3be000 	C:\Program Files\Android\Android Studio\jbr\bin\server\jvm.dll
0x00007fff58270000 - 0x00007fff5831e000 	C:\WINDOWS\System32\ADVAPI32.dll
0x00007fff59470000 - 0x00007fff5950c000 	C:\WINDOWS\System32\sechost.dll
0x00007fff58320000 - 0x00007fff58446000 	C:\WINDOWS\System32\RPCRT4.dll
0x00007fff4e200000 - 0x00007fff4e227000 	C:\WINDOWS\SYSTEM32\WINMM.dll
0x00007fff4e1f0000 - 0x00007fff4e1fa000 	C:\WINDOWS\SYSTEM32\VERSION.dll
0x00007fff51350000 - 0x00007fff51359000 	C:\WINDOWS\SYSTEM32\WSOCK32.dll
0x00007fff595a0000 - 0x00007fff5960b000 	C:\WINDOWS\System32\WS2_32.dll
0x00007fff55770000 - 0x00007fff55782000 	C:\WINDOWS\SYSTEM32\kernel.appcore.dll
0x00007fff50fd0000 - 0x00007fff50fda000 	C:\Program Files\Android\Android Studio\jbr\bin\jimage.dll
0x00007fff44b00000 - 0x00007fff44ce4000 	C:\WINDOWS\SYSTEM32\DBGHELP.DLL
0x00007fff40010000 - 0x00007fff40044000 	C:\WINDOWS\SYSTEM32\dbgcore.DLL
0x00007fff57d50000 - 0x00007fff57dd2000 	C:\WINDOWS\System32\bcryptPrimitives.dll
0x00007fff422f0000 - 0x00007fff42315000 	C:\Program Files\Android\Android Studio\jbr\bin\java.dll
0x00007fff50220000 - 0x00007fff50238000 	C:\Program Files\Android\Android Studio\jbr\bin\zip.dll
0x00007fff58bf0000 - 0x00007fff59334000 	C:\WINDOWS\System32\SHELL32.dll
0x00007fff55990000 - 0x00007fff5612b000 	C:\WINDOWS\SYSTEM32\windows.storage.dll
0x00007fff58810000 - 0x00007fff58b64000 	C:\WINDOWS\System32\combase.dll
0x00007fff57330000 - 0x00007fff5735d000 	C:\WINDOWS\SYSTEM32\Wldp.dll
0x00007fff585a0000 - 0x00007fff5864d000 	C:\WINDOWS\System32\SHCORE.dll
0x00007fff587b0000 - 0x00007fff58805000 	C:\WINDOWS\System32\shlwapi.dll
0x00007fff57820000 - 0x00007fff57845000 	C:\WINDOWS\SYSTEM32\profapi.dll
0x00007fff40a30000 - 0x00007fff40a49000 	C:\Program Files\Android\Android Studio\jbr\bin\net.dll
0x00007fff52290000 - 0x00007fff5239a000 	C:\WINDOWS\SYSTEM32\WINHTTP.dll
0x00007fff57090000 - 0x00007fff570fa000 	C:\WINDOWS\system32\mswsock.dll
0x00007fff3fb10000 - 0x00007fff3fb26000 	C:\Program Files\Android\Android Studio\jbr\bin\nio.dll
0x00007fff46100000 - 0x00007fff46110000 	C:\Program Files\Android\Android Studio\jbr\bin\verify.dll
0x00007fff51060000 - 0x00007fff51087000 	C:\Users\mouzi\.gradle\native\68d5fa5c4cc2d200863cafc0d521ce42e7d3e7ee720ec0a83991735586a16f82\windows-amd64\native-platform.dll
0x00007fff1d0c0000 - 0x00007fff1d204000 	C:\Users\mouzi\.gradle\native\e376f236ea51e6404a007f0833ffe2c6e607c4080706a723a18a27aeea778392\windows-amd64\native-platform-file-events.dll
0x00007fff3fb00000 - 0x00007fff3fb09000 	C:\Program Files\Android\Android Studio\jbr\bin\management.dll
0x00007fff3f100000 - 0x00007fff3f10b000 	C:\Program Files\Android\Android Studio\jbr\bin\management_ext.dll
0x00007fff58450000 - 0x00007fff58458000 	C:\WINDOWS\System32\PSAPI.DLL
0x00007fff57280000 - 0x00007fff57298000 	C:\WINDOWS\SYSTEM32\CRYPTSP.dll
0x00007fff56920000 - 0x00007fff56954000 	C:\WINDOWS\system32\rsaenh.dll
0x00007fff57ff0000 - 0x00007fff58017000 	C:\WINDOWS\System32\bcrypt.dll
0x00007fff577e0000 - 0x00007fff5780e000 	C:\WINDOWS\SYSTEM32\USERENV.dll
0x00007fff572a0000 - 0x00007fff572ac000 	C:\WINDOWS\SYSTEM32\CRYPTBASE.dll
0x00007fff56d30000 - 0x00007fff56d6b000 	C:\WINDOWS\SYSTEM32\IPHLPAPI.DLL
0x00007fff58590000 - 0x00007fff58598000 	C:\WINDOWS\System32\NSI.dll
0x00007fff4f040000 - 0x00007fff4f057000 	C:\WINDOWS\SYSTEM32\dhcpcsvc6.DLL
0x00007fff50460000 - 0x00007fff5047d000 	C:\WINDOWS\SYSTEM32\dhcpcsvc.DLL
0x00007fff56d80000 - 0x00007fff56e4a000 	C:\WINDOWS\SYSTEM32\DNSAPI.dll
0x00007fff3f0f0000 - 0x00007fff3f0f7000 	C:\WINDOWS\system32\wshunix.dll

dbghelp: loaded successfully - version: 4.0.5 - missing functions: none
symbol engine: initialized successfully - sym options: 0x614 - pdb path: .;C:\Program Files\Android\Android Studio\jbr\bin;C:\WINDOWS\SYSTEM32;C:\WINDOWS\WinSxS\amd64_microsoft.windows.common-controls_6595b64144ccf1df_6.0.19041.3570_none_60bb2a3971f3e41a;C:\Program Files\Android\Android Studio\jbr\bin\server;C:\Users\mouzi\.gradle\native\68d5fa5c4cc2d200863cafc0d521ce42e7d3e7ee720ec0a83991735586a16f82\windows-amd64;C:\Users\mouzi\.gradle\native\e376f236ea51e6404a007f0833ffe2c6e607c4080706a723a18a27aeea778392\windows-amd64

VM Arguments:
jvm_args: --add-opens=java.base/java.util=ALL-UNNAMED --add-opens=java.base/java.lang=ALL-UNNAMED --add-opens=java.base/java.lang.invoke=ALL-UNNAMED --add-opens=java.prefs/java.util.prefs=ALL-UNNAMED --add-opens=java.base/java.nio.charset=ALL-UNNAMED --add-opens=java.base/java.net=ALL-UNNAMED --add-opens=java.base/java.util.concurrent.atomic=ALL-UNNAMED -Xmx2048m -Dfile.encoding=UTF-8 -Duser.country=ID -Duser.language=en -Duser.variant 
java_command: org.gradle.launcher.daemon.bootstrap.GradleDaemon 8.0
java_class_path (initial): C:\Users\mouzi\.gradle\wrapper\dists\gradle-8.0-bin\ca5e32bp14vu59qr306oxotwh\gradle-8.0\lib\gradle-launcher-8.0.jar
Launcher Type: SUN_STANDARD

[Global flags]
     intx CICompilerCount                          = 4                                         {product} {ergonomic}
     uint ConcGCThreads                            = 3                                         {product} {ergonomic}
     uint G1ConcRefinementThreads                  = 10                                        {product} {ergonomic}
   size_t G1HeapRegionSize                         = 1048576                                   {product} {ergonomic}
    uintx GCDrainStackTargetSize                   = 64                                        {product} {ergonomic}
   size_t InitialHeapSize                          = 123731968                                 {product} {ergonomic}
   size_t MarkStackSize                            = 4194304                                   {product} {ergonomic}
   size_t MaxHeapSize                              = 2147483648                                {product} {command line}
   size_t MaxNewSize                               = 1287651328                                {product} {ergonomic}
   size_t MinHeapDeltaBytes                        = 1048576                                   {product} {ergonomic}
   size_t MinHeapSize                              = 8388608                                   {product} {ergonomic}
    uintx NonNMethodCodeHeapSize                   = 5839372                                {pd product} {ergonomic}
    uintx NonProfiledCodeHeapSize                  = 122909434                              {pd product} {ergonomic}
    uintx ProfiledCodeHeapSize                     = 122909434                              {pd product} {ergonomic}
    uintx ReservedCodeCacheSize                    = 251658240                              {pd product} {ergonomic}
     bool SegmentedCodeCache                       = true                                      {product} {ergonomic}
   size_t SoftMaxHeapSize                          = 2147483648                             {manageable} {ergonomic}
     bool UseCompressedClassPointers               = true                           {product lp64_product} {ergonomic}
     bool UseCompressedOops                        = true                           {product lp64_product} {ergonomic}
     bool UseG1GC                                  = true                                      {product} {ergonomic}
     bool UseLargePagesIndividualAllocation        = false                                  {pd product} {ergonomic}

Logging:
Log output configuration:
 #0: stdout all=warning uptime,level,tags
 #1: stderr all=off uptime,level,tags

Environment Variables:
PATH=C:\WINDOWS\system32;C:\WINDOWS;C:\WINDOWS\System32\Wbem;C:\WINDOWS\System32\WindowsPowerShell\v1.0\;C:\WINDOWS\System32\OpenSSH\;C:\Program Files\dotnet\;C:\Program Files\Git\cmd;C:\Users\mouzi\AppData\Local\Microsoft\WindowsApps;C:\Users\mouzi\.dotnet\tools
USERNAME=mouzi
OS=Windows_NT
PROCESSOR_IDENTIFIER=AMD64 Family 23 Model 104 Stepping 1, AuthenticAMD
TMP=C:\Users\mouzi\AppData\Local\Temp
TEMP=C:\Users\mouzi\AppData\Local\Temp


JNI global refs:
JNI global refs: 25, weak refs: 5

JNI global refs memory usage: 843, weak refs: 841


---------------  S Y S T E M  ---------------

OS:
 Windows 10 , 64 bit Build 19041 (10.0.19041.3570)
OS uptime: 2 days 21:38 hours

CPU: total 12 (initial active 12) (12 cores per cpu, 2 threads per core) family 23 model 104 stepping 1 microcode 0x0, cx8, cmov, fxsr, ht, mmx, 3dnowpref, sse, sse2, sse3, ssse3, sse4a, sse4.1, sse4.2, popcnt, lzcnt, tsc, tscinvbit, avx, avx2, aes, clmul, bmi1, bmi2, adx, sha, fma, vzeroupper, clflush, clflushopt

Memory: 4k page, system-wide physical 7504M (69M free)
TotalPageFile size 30032M (AvailPageFile size 6M)
current process WorkingSet (physical memory assigned to process): 249M, peak: 273M
current process commit charge ("private bytes"): 359M, peak: 361M

vm_info: OpenJDK 64-Bit Server VM (17.0.6+0-b2043.56-10027231) for windows-amd64 JRE (17.0.6+0-b2043.56-10027231), built on Apr 28 2023 00:43:19 by "androidbuild" with MS VC++ 16.10 / 16.11 (VS2019)

END.
